<?xml version="1.0" encoding="UTF-8"?>
<testsuites name="jest tests" tests="893" failures="0" errors="0" time="73.62">
  <testsuite name="VerticalVideoPlayer" errors="0" failures="0" skipped="0" timestamp="2024-07-01T10:03:02" time="7.331" tests="8">
    <testcase classname="VerticalVideoPlayer should render error view when youtube player has an error" name="VerticalVideoPlayer should render error view when youtube player has an error" time="0.049">
    </testcase>
    <testcase classname="VerticalVideoPlayer should not render error view without error" name="VerticalVideoPlayer should not render error view without error" time="0.01">
    </testcase>
    <testcase classname="VerticalVideoPlayer the video is finished should display `replay button`" name="VerticalVideoPlayer the video is finished should display `replay button`" time="0.016">
    </testcase>
    <testcase classname="VerticalVideoPlayer the video is finished should not display `next video button` when only one video source is provided" name="VerticalVideoPlayer the video is finished should not display `next video button` when only one video source is provided" time="0.036">
    </testcase>
    <testcase classname="VerticalVideoPlayer the video is finished should display `replay button` and `next video button` when multiple video sources are provided" name="VerticalVideoPlayer the video is finished should display `replay button` and `next video button` when multiple video sources are provided" time="0.027">
    </testcase>
    <testcase classname="VerticalVideoPlayer should display `play video` when video has not started" name="VerticalVideoPlayer should display `play video` when video has not started" time="0.022">
    </testcase>
    <testcase classname="VerticalVideoPlayer should display `pause button` and `sound button` when video is playing" name="VerticalVideoPlayer should display `pause button` and `sound button` when video is playing" time="0.02">
    </testcase>
    <testcase classname="VerticalVideoPlayer should display `keep watching` when video is paused" name="VerticalVideoPlayer should display `keep watching` when video is paused" time="0.01">
    </testcase>
  </testsuite>
  <testsuite name="OnboardingAgeInformation" errors="0" failures="0" skipped="0" timestamp="2024-07-01T10:03:02" time="8.821" tests="36">
    <testcase classname="OnboardingAgeInformation should render correctly for 15-year-old" name="OnboardingAgeInformation should render correctly for 15-year-old" time="0.231">
    </testcase>
    <testcase classname="OnboardingAgeInformation should render correctly for 16-year-old" name="OnboardingAgeInformation should render correctly for 16-year-old" time="0.04">
    </testcase>
    <testcase classname="OnboardingAgeInformation should render correctly for 17-year-old" name="OnboardingAgeInformation should render correctly for 17-year-old" time="0.061">
    </testcase>
    <testcase classname="OnboardingAgeInformation should render correctly for 18-year-old" name="OnboardingAgeInformation should render correctly for 18-year-old" time="0.039">
    </testcase>
    <testcase classname="OnboardingAgeInformation should only display one active block for 15-year-old" name="OnboardingAgeInformation should only display one active block for 15-year-old" time="0.057">
    </testcase>
    <testcase classname="OnboardingAgeInformation should only display one active block for 16-year-old" name="OnboardingAgeInformation should only display one active block for 16-year-old" time="0.027">
    </testcase>
    <testcase classname="OnboardingAgeInformation should only display one active block for 17-year-old" name="OnboardingAgeInformation should only display one active block for 17-year-old" time="0.101">
    </testcase>
    <testcase classname="OnboardingAgeInformation should only display one active block for 18-year-old" name="OnboardingAgeInformation should only display one active block for 18-year-old" time="0.077">
    </testcase>
    <testcase classname="OnboardingAgeInformation should display correct amount of inactive blocks for 15-year-old" name="OnboardingAgeInformation should display correct amount of inactive blocks for 15-year-old" time="0.041">
    </testcase>
    <testcase classname="OnboardingAgeInformation should display correct amount of inactive blocks for 16-year-old" name="OnboardingAgeInformation should display correct amount of inactive blocks for 16-year-old" time="0.035">
    </testcase>
    <testcase classname="OnboardingAgeInformation should display correct amount of inactive blocks for 17-year-old" name="OnboardingAgeInformation should display correct amount of inactive blocks for 17-year-old" time="0.023">
    </testcase>
    <testcase classname="OnboardingAgeInformation should display correct amount of inactive blocks for 18-year-old" name="OnboardingAgeInformation should display correct amount of inactive blocks for 18-year-old" time="0.032">
    </testcase>
    <testcase classname="OnboardingAgeInformation should display correct amount of coming credit blocks for 15-year-old" name="OnboardingAgeInformation should display correct amount of coming credit blocks for 15-year-old" time="0.026">
    </testcase>
    <testcase classname="OnboardingAgeInformation should display correct amount of coming credit blocks for 16-year-old" name="OnboardingAgeInformation should display correct amount of coming credit blocks for 16-year-old" time="0.112">
    </testcase>
    <testcase classname="OnboardingAgeInformation should display correct amount of coming credit blocks for 17-year-old" name="OnboardingAgeInformation should display correct amount of coming credit blocks for 17-year-old" time="0.027">
    </testcase>
    <testcase classname="OnboardingAgeInformation should display correct amount of coming credit blocks for 18-year-old" name="OnboardingAgeInformation should display correct amount of coming credit blocks for 18-year-old" time="0.035">
    </testcase>
    <testcase classname="OnboardingAgeInformation should navigate to SignupForm when pressing &quot;Créer un compte&quot; for 15-year-old" name="OnboardingAgeInformation should navigate to SignupForm when pressing &quot;Créer un compte&quot; for 15-year-old" time="0.087">
    </testcase>
    <testcase classname="OnboardingAgeInformation should navigate to SignupForm when pressing &quot;Créer un compte&quot; for 16-year-old" name="OnboardingAgeInformation should navigate to SignupForm when pressing &quot;Créer un compte&quot; for 16-year-old" time="0.125">
    </testcase>
    <testcase classname="OnboardingAgeInformation should navigate to SignupForm when pressing &quot;Créer un compte&quot; for 17-year-old" name="OnboardingAgeInformation should navigate to SignupForm when pressing &quot;Créer un compte&quot; for 17-year-old" time="0.081">
    </testcase>
    <testcase classname="OnboardingAgeInformation should navigate to SignupForm when pressing &quot;Créer un compte&quot; for 18-year-old" name="OnboardingAgeInformation should navigate to SignupForm when pressing &quot;Créer un compte&quot; for 18-year-old" time="0.075">
    </testcase>
    <testcase classname="OnboardingAgeInformation should reset navigation on go to Home when pressing &quot;Plus tard&quot; for 15-year-old" name="OnboardingAgeInformation should reset navigation on go to Home when pressing &quot;Plus tard&quot; for 15-year-old" time="0.022">
    </testcase>
    <testcase classname="OnboardingAgeInformation should reset navigation on go to Home when pressing &quot;Plus tard&quot; for 16-year-old" name="OnboardingAgeInformation should reset navigation on go to Home when pressing &quot;Plus tard&quot; for 16-year-old" time="0.025">
    </testcase>
    <testcase classname="OnboardingAgeInformation should reset navigation on go to Home when pressing &quot;Plus tard&quot; for 17-year-old" name="OnboardingAgeInformation should reset navigation on go to Home when pressing &quot;Plus tard&quot; for 17-year-old" time="0.042">
    </testcase>
    <testcase classname="OnboardingAgeInformation should reset navigation on go to Home when pressing &quot;Plus tard&quot; for 18-year-old" name="OnboardingAgeInformation should reset navigation on go to Home when pressing &quot;Plus tard&quot; for 18-year-old" time="0.044">
    </testcase>
    <testcase classname="OnboardingAgeInformation should log analytics when attempting to click on credit block" name="OnboardingAgeInformation should log analytics when attempting to click on credit block" time="0.023">
    </testcase>
    <testcase classname="OnboardingAgeInformation should log analytics when attempting to click on credit block" name="OnboardingAgeInformation should log analytics when attempting to click on credit block" time="0.02">
    </testcase>
    <testcase classname="OnboardingAgeInformation should log analytics when attempting to click on credit block" name="OnboardingAgeInformation should log analytics when attempting to click on credit block" time="0.027">
    </testcase>
    <testcase classname="OnboardingAgeInformation should log analytics when attempting to click on credit block" name="OnboardingAgeInformation should log analytics when attempting to click on credit block" time="0.014">
    </testcase>
    <testcase classname="OnboardingAgeInformation should log analytics when clicking on signup button" name="OnboardingAgeInformation should log analytics when clicking on signup button" time="0.02">
    </testcase>
    <testcase classname="OnboardingAgeInformation should log analytics when clicking on signup button" name="OnboardingAgeInformation should log analytics when clicking on signup button" time="0.054">
    </testcase>
    <testcase classname="OnboardingAgeInformation should log analytics when clicking on signup button" name="OnboardingAgeInformation should log analytics when clicking on signup button" time="0.021">
    </testcase>
    <testcase classname="OnboardingAgeInformation should log analytics when clicking on signup button" name="OnboardingAgeInformation should log analytics when clicking on signup button" time="0.056">
    </testcase>
    <testcase classname="OnboardingAgeInformation should log analytics when clicking on skip button" name="OnboardingAgeInformation should log analytics when clicking on skip button" time="0.091">
    </testcase>
    <testcase classname="OnboardingAgeInformation should log analytics when clicking on skip button" name="OnboardingAgeInformation should log analytics when clicking on skip button" time="0.041">
    </testcase>
    <testcase classname="OnboardingAgeInformation should log analytics when clicking on skip button" name="OnboardingAgeInformation should log analytics when clicking on skip button" time="0.029">
    </testcase>
    <testcase classname="OnboardingAgeInformation should log analytics when clicking on skip button" name="OnboardingAgeInformation should log analytics when clicking on skip button" time="0.024">
    </testcase>
  </testsuite>
  <testsuite name="&lt;VideoCarouselModule /&gt;" errors="0" failures="0" skipped="0" timestamp="2024-07-01T10:03:02" time="11.372" tests="10">
    <testcase classname="&lt;VideoCarouselModule /&gt; should call fetchCarouselVideoOffers with properly formatted data" name="&lt;VideoCarouselModule /&gt; should call fetchCarouselVideoOffers with properly formatted data" time="0.315">
    </testcase>
    <testcase classname="&lt;VideoCarouselModule /&gt; should call fetchCarouselVideoOffers with empty array when item has homeEntryId" name="&lt;VideoCarouselModule /&gt; should call fetchCarouselVideoOffers with empty array when item has homeEntryId" time="0.044">
    </testcase>
    <testcase classname="&lt;VideoCarouselModule /&gt; should not render carousel with only one item" name="&lt;VideoCarouselModule /&gt; should not render carousel with only one item" time="0.058">
    </testcase>
    <testcase classname="&lt;VideoCarouselModule /&gt; should render carousel with multiple items" name="&lt;VideoCarouselModule /&gt; should render carousel with multiple items" time="0.104">
    </testcase>
    <testcase classname="&lt;VideoCarouselModule /&gt; should render video player correctly" name="&lt;VideoCarouselModule /&gt; should render video player correctly" time="0.064">
    </testcase>
    <testcase classname="&lt;VideoCarouselModule /&gt; should redirect to thematic home when item has an homeEntryId" name="&lt;VideoCarouselModule /&gt; should redirect to thematic home when item has an homeEntryId" time="0.083">
    </testcase>
    <testcase classname="&lt;VideoCarouselModule /&gt; should redirect to offer based on offerId" name="&lt;VideoCarouselModule /&gt; should redirect to offer based on offerId" time="0.063">
    </testcase>
    <testcase classname="&lt;VideoCarouselModule /&gt; tracking should send logConsultVideo event when user presses `next video button`" name="&lt;VideoCarouselModule /&gt; tracking should send logConsultVideo event when user presses `next video button`" time="0.191">
    </testcase>
    <testcase classname="&lt;VideoCarouselModule /&gt; tracking should send logConsultVideo event when user presses on offer" name="&lt;VideoCarouselModule /&gt; tracking should send logConsultVideo event when user presses on offer" time="0.088">
    </testcase>
    <testcase classname="&lt;VideoCarouselModule /&gt; tracking should send logModuleDisplayedOnHomepage event" name="&lt;VideoCarouselModule /&gt; tracking should send logModuleDisplayedOnHomepage event" time="0.068">
    </testcase>
  </testsuite>
  <testsuite name="SearchHeader component" errors="0" failures="0" skipped="0" timestamp="2024-07-01T10:03:02" time="12.256" tests="6">
    <testcase classname="SearchHeader component should render SearchHeader" name="SearchHeader component should render SearchHeader" time="0.128">
    </testcase>
    <testcase classname="SearchHeader component should show LocationWidget when isDesktopViewport is false and SearchView is Landing" name="SearchHeader component should show LocationWidget when isDesktopViewport is false and SearchView is Landing" time="0.018">
    </testcase>
    <testcase classname="SearchHeader component should not show LocationWidget when isDesktopViewport is false and searchView is not landing" name="SearchHeader component should not show LocationWidget when isDesktopViewport is false and searchView is not landing" time="0.025">
    </testcase>
    <testcase classname="SearchHeader component should show SearchLocationWidget when isDesktopViewport is false" name="SearchHeader component should show SearchLocationWidget when isDesktopViewport is false" time="0.009">
    </testcase>
    <testcase classname="SearchHeader component should not show LocationWidget when isDesktopViewport is true" name="SearchHeader component should not show LocationWidget when isDesktopViewport is true" time="0.017">
    </testcase>
    <testcase classname="SearchHeader component should show SearchLocationWidget when isDesktopViewport is true" name="SearchHeader component should show SearchLocationWidget when isDesktopViewport is true" time="0.024">
    </testcase>
  </testsuite>
  <testsuite name="&lt;DeeplinksGenerator /&gt;" errors="0" failures="0" skipped="0" timestamp="2024-07-01T10:03:02" time="12.549" tests="1">
    <testcase classname="&lt;DeeplinksGenerator /&gt; should render DeeplinksGenerator" name="&lt;DeeplinksGenerator /&gt; should render DeeplinksGenerator" time="0.209">
    </testcase>
  </testsuite>
  <testsuite name="&lt;OfferBody /&gt;" errors="0" failures="0" skipped="0" timestamp="2024-07-01T10:03:02" time="13.938" tests="32">
    <testcase classname="&lt;OfferBody /&gt; Tags section should display tags" name="&lt;OfferBody /&gt; Tags section should display tags" time="0.238">
    </testcase>
    <testcase classname="&lt;OfferBody /&gt; Tags section should display vinyl tag" name="&lt;OfferBody /&gt; Tags section should display vinyl tag" time="0.052">
    </testcase>
    <testcase classname="&lt;OfferBody /&gt; should display offer as a title" name="&lt;OfferBody /&gt; should display offer as a title" time="0.081">
    </testcase>
    <testcase classname="&lt;OfferBody /&gt; should display artists" name="&lt;OfferBody /&gt; should display artists" time="0.086">
    </testcase>
    <testcase classname="&lt;OfferBody /&gt; should display prices" name="&lt;OfferBody /&gt; should display prices" time="0.053">
    </testcase>
    <testcase classname="&lt;OfferBody /&gt; should display reaction button when feature flag is enabled and native category is &quot;Séances de cinéma&quot;" name="&lt;OfferBody /&gt; should display reaction button when feature flag is enabled and native category is &quot;Séances de cinéma&quot;" time="0.049">
    </testcase>
    <testcase classname="&lt;OfferBody /&gt; should open survey modal when pressing &quot;Réagir&quot; button" name="&lt;OfferBody /&gt; should open survey modal when pressing &quot;Réagir&quot; button" time="0.122">
    </testcase>
    <testcase classname="&lt;OfferBody /&gt; should log reaction fake door consultation when pressing  &quot;Réagir&quot; button" name="&lt;OfferBody /&gt; should log reaction fake door consultation when pressing  &quot;Réagir&quot; button" time="0.109">
    </testcase>
    <testcase classname="&lt;OfferBody /&gt; should not display reaction button when feature flag is enabled and native category is not &quot;Séances de cinéma&quot;" name="&lt;OfferBody /&gt; should not display reaction button when feature flag is enabled and native category is not &quot;Séances de cinéma&quot;" time="0.072">
    </testcase>
    <testcase classname="&lt;OfferBody /&gt; should not display reaction button when feature flag is disabled" name="&lt;OfferBody /&gt; should not display reaction button when feature flag is disabled" time="0.086">
    </testcase>
    <testcase classname="&lt;OfferBody /&gt; should not display prices when the offer is free" name="&lt;OfferBody /&gt; should not display prices when the offer is free" time="0.042">
    </testcase>
    <testcase classname="&lt;OfferBody /&gt; Venue button section &amp; Summary info section should display both section when this is not a cinema offer" name="&lt;OfferBody /&gt; Venue button section &amp; Summary info section should display both section when this is not a cinema offer" time="0.059">
    </testcase>
    <testcase classname="&lt;OfferBody /&gt; Venue button section &amp; Summary info section should not display both section" name="&lt;OfferBody /&gt; Venue button section &amp; Summary info section should not display both section" time="0.048">
    </testcase>
    <testcase classname="&lt;OfferBody /&gt; Venue button section &amp; Summary info section should not display top separator between this two section" name="&lt;OfferBody /&gt; Venue button section &amp; Summary info section should not display top separator between this two section" time="0.069">
    </testcase>
    <testcase classname="&lt;OfferBody /&gt; Venue button section &amp; Summary info section should display top separator above summary info list when venue button is not displayed" name="&lt;OfferBody /&gt; Venue button section &amp; Summary info section should display top separator above summary info list when venue button is not displayed" time="0.031">
    </testcase>
    <testcase classname="&lt;OfferBody /&gt; Venue button section &amp; Summary info section should not display top separator when venue button is displayed" name="&lt;OfferBody /&gt; Venue button section &amp; Summary info section should not display top separator when venue button is displayed" time="0.022">
    </testcase>
    <testcase classname="&lt;OfferBody /&gt; Venue button section &amp; Summary info section Venue button section should display venue button when this is not a cinema offer" name="&lt;OfferBody /&gt; Venue button section &amp; Summary info section Venue button section should display venue button when this is not a cinema offer" time="0.038">
    </testcase>
    <testcase classname="&lt;OfferBody /&gt; Venue button section &amp; Summary info section Venue button section should not display venue button when venue is not permanent" name="&lt;OfferBody /&gt; Venue button section &amp; Summary info section Venue button section should not display venue button when venue is not permanent" time="0.046">
    </testcase>
    <testcase classname="&lt;OfferBody /&gt; Venue button section &amp; Summary info section Venue button section should not display venue button when this is a cinema offer" name="&lt;OfferBody /&gt; Venue button section &amp; Summary info section Venue button section should not display venue button when this is a cinema offer" time="0.036">
    </testcase>
    <testcase classname="&lt;OfferBody /&gt; Venue button section &amp; Summary info section Summary info section should display duo info" name="&lt;OfferBody /&gt; Venue button section &amp; Summary info section Summary info section should display duo info" time="0.023">
    </testcase>
    <testcase classname="&lt;OfferBody /&gt; Venue button section &amp; Summary info section Summary info section should not display duo info" name="&lt;OfferBody /&gt; Venue button section &amp; Summary info section Summary info section should not display duo info" time="0.033">
    </testcase>
    <testcase classname="&lt;OfferBody /&gt; Venue button section &amp; Summary info section Venue section should display venue section" name="&lt;OfferBody /&gt; Venue button section &amp; Summary info section Venue section should display venue section" time="0.029">
    </testcase>
    <testcase classname="&lt;OfferBody /&gt; Venue button section &amp; Summary info section Venue section should display venue distance tag when user share his position" name="&lt;OfferBody /&gt; Venue button section &amp; Summary info section Venue section should display venue distance tag when user share his position" time="0.047">
    </testcase>
    <testcase classname="&lt;OfferBody /&gt; Venue button section &amp; Summary info section Venue section should not display venue distance tag when user not share his position" name="&lt;OfferBody /&gt; Venue button section &amp; Summary info section Venue section should not display venue distance tag when user not share his position" time="0.069">
    </testcase>
    <testcase classname="&lt;OfferBody /&gt; About section should display about section" name="&lt;OfferBody /&gt; About section should display about section" time="0.034">
    </testcase>
    <testcase classname="&lt;OfferBody /&gt; About section should not display about section" name="&lt;OfferBody /&gt; About section should not display about section" time="0.032">
    </testcase>
    <testcase classname="&lt;OfferBody /&gt; MovieScreeningCalendar should render &lt;MovieScreeningCalendar /&gt; when offer is a movie screening" name="&lt;OfferBody /&gt; MovieScreeningCalendar should render &lt;MovieScreeningCalendar /&gt; when offer is a movie screening" time="0.156">
    </testcase>
    <testcase classname="&lt;OfferBody /&gt; should display social network section" name="&lt;OfferBody /&gt; should display social network section" time="0.031">
    </testcase>
    <testcase classname="&lt;OfferBody /&gt; should display container with divider on mobile" name="&lt;OfferBody /&gt; should display container with divider on mobile" time="0.07">
    </testcase>
    <testcase classname="&lt;OfferBody /&gt; should not display container with divider on desktop" name="&lt;OfferBody /&gt; should not display container with divider on desktop" time="0.089">
    </testcase>
    <testcase classname="&lt;OfferBody /&gt; should display container without divider on desktop" name="&lt;OfferBody /&gt; should display container without divider on desktop" time="0.034">
    </testcase>
    <testcase classname="&lt;OfferBody /&gt; should not display container without divider on mobile" name="&lt;OfferBody /&gt; should not display container without divider on mobile" time="0.032">
    </testcase>
  </testsuite>
  <testsuite name="&lt;OfferPlace /&gt;" errors="0" failures="0" skipped="0" timestamp="2024-07-01T10:03:11" time="5.398" tests="33">
    <testcase classname="&lt;OfferPlace /&gt; should display change venue button when offer subcategory is &quot;Livres audio&quot;, offer has an EAN and that there are other venues offering the same offer" name="&lt;OfferPlace /&gt; should display change venue button when offer subcategory is &quot;Livres audio&quot;, offer has an EAN and that there are other venues offering the same offer" time="0.09">
    </testcase>
    <testcase classname="&lt;OfferPlace /&gt; should display change venue button when offer subcategory is &quot;Seance cine&quot;, offer has an allocineId and that there are other venues offering the same offer" name="&lt;OfferPlace /&gt; should display change venue button when offer subcategory is &quot;Seance cine&quot;, offer has an allocineId and that there are other venues offering the same offer" time="0.159">
    </testcase>
    <testcase classname="&lt;OfferPlace /&gt; should display &quot;Trouve ta séance&quot; above Venue when offer subcategory is &quot;Seance cine&quot;" name="&lt;OfferPlace /&gt; should display &quot;Trouve ta séance&quot; above Venue when offer subcategory is &quot;Seance cine&quot;" time="0.05">
    </testcase>
    <testcase classname="&lt;OfferPlace /&gt; should not display &quot;Trouve ta séance&quot; above Venue when offer subcategory is not &quot;Seance cine&quot;" name="&lt;OfferPlace /&gt; should not display &quot;Trouve ta séance&quot; above Venue when offer subcategory is not &quot;Seance cine&quot;" time="0.035">
    </testcase>
    <testcase classname="&lt;OfferPlace /&gt; should not display change venue button when offer subcategory is &quot;Seance cine&quot;, offer has not an allocineId" name="&lt;OfferPlace /&gt; should not display change venue button when offer subcategory is &quot;Seance cine&quot;, offer has not an allocineId" time="0.053">
    </testcase>
    <testcase classname="&lt;OfferPlace /&gt; should not display change venue button when offer subcategory is &quot;Livres audio&quot;, offer has an EAN and that there are not other venues offering the same offer" name="&lt;OfferPlace /&gt; should not display change venue button when offer subcategory is &quot;Livres audio&quot;, offer has an EAN and that there are not other venues offering the same offer" time="0.047">
    </testcase>
    <testcase classname="&lt;OfferPlace /&gt; should not display change venue button when offer subcategory is &quot;Livres audio&quot; and offer has not an EAN" name="&lt;OfferPlace /&gt; should not display change venue button when offer subcategory is &quot;Livres audio&quot; and offer has not an EAN" time="0.01">
    </testcase>
    <testcase classname="&lt;OfferPlace /&gt; should display change venue button when offer subcategory is &quot;Livres papier&quot;, offer has an EAN  and that there are other venues offering the same offer" name="&lt;OfferPlace /&gt; should display change venue button when offer subcategory is &quot;Livres papier&quot;, offer has an EAN  and that there are other venues offering the same offer" time="0.028">
    </testcase>
    <testcase classname="&lt;OfferPlace /&gt; should not display change venue button when offer subcategory is &quot;Livres papier&quot;, offer has an EAN  and that there are other venues offering the same offer" name="&lt;OfferPlace /&gt; should not display change venue button when offer subcategory is &quot;Livres papier&quot;, offer has an EAN  and that there are other venues offering the same offer" time="0.016">
    </testcase>
    <testcase classname="&lt;OfferPlace /&gt; should not display change venue button when offer subcategory is &quot;Livres papier&quot; and offer has not an EAN" name="&lt;OfferPlace /&gt; should not display change venue button when offer subcategory is &quot;Livres papier&quot; and offer has not an EAN" time="0.032">
    </testcase>
    <testcase classname="&lt;OfferPlace /&gt; should not display change venue button when offer subcategory is not &quot;Livres papier&quot; or &quot;Livres audio&quot;" name="&lt;OfferPlace /&gt; should not display change venue button when offer subcategory is not &quot;Livres papier&quot; or &quot;Livres audio&quot;" time="0.019">
    </testcase>
    <testcase classname="&lt;OfferPlace /&gt; should display venue block With &quot;Lieu de l’évènement&quot; in title" name="&lt;OfferPlace /&gt; should display venue block With &quot;Lieu de l’évènement&quot; in title" time="0.035">
    </testcase>
    <testcase classname="&lt;OfferPlace /&gt; should navigate to an other offer when user choose an other venue from &quot;Changer le lieu de retrait&quot; button" name="&lt;OfferPlace /&gt; should navigate to an other offer when user choose an other venue from &quot;Changer le lieu de retrait&quot; button" time="0.062">
    </testcase>
    <testcase classname="&lt;OfferPlace /&gt; should log ConsultOffer when new offer venue is selected" name="&lt;OfferPlace /&gt; should log ConsultOffer when new offer venue is selected" time="0.046">
    </testcase>
    <testcase classname="&lt;OfferPlace /&gt; should log when the users press &quot;Changer le lieu de retrait&quot; button" name="&lt;OfferPlace /&gt; should log when the users press &quot;Changer le lieu de retrait&quot; button" time="0.048">
    </testcase>
    <testcase classname="&lt;OfferPlace /&gt; should display venue tag distance when user share his position" name="&lt;OfferPlace /&gt; should display venue tag distance when user share his position" time="0.01">
    </testcase>
    <testcase classname="&lt;OfferPlace /&gt; should not display venue tag distance when user not share his position" name="&lt;OfferPlace /&gt; should not display venue tag distance when user not share his position" time="0.013">
    </testcase>
    <testcase classname="&lt;OfferPlace /&gt; should not display &quot;Voir la page du lieu&quot; button when venue is not permanent" name="&lt;OfferPlace /&gt; should not display &quot;Voir la page du lieu&quot; button when venue is not permanent" time="0.011">
    </testcase>
    <testcase classname="&lt;OfferPlace /&gt; When venue is permanent should navigate to venue page when pressing venue button" name="&lt;OfferPlace /&gt; When venue is permanent should navigate to venue page when pressing venue button" time="0.009">
    </testcase>
    <testcase classname="&lt;OfferPlace /&gt; When venue is permanent should log ConsultVenue when pressing venue button" name="&lt;OfferPlace /&gt; When venue is permanent should log ConsultVenue when pressing venue button" time="0.027">
    </testcase>
    <testcase classname="&lt;OfferPlace /&gt; should display &quot;Voir l’itinéraire&quot; button when complete venue address specified" name="&lt;OfferPlace /&gt; should display &quot;Voir l’itinéraire&quot; button when complete venue address specified" time="0.014">
    </testcase>
    <testcase classname="&lt;OfferPlace /&gt; should not display &quot;Voir l’itinéraire&quot; button When address, city and postal code not provided" name="&lt;OfferPlace /&gt; should not display &quot;Voir l’itinéraire&quot; button When address, city and postal code not provided" time="0.017">
    </testcase>
    <testcase classname="&lt;OfferPlace /&gt; should not display &quot;Voir l’itinéraire&quot; button When only address provided" name="&lt;OfferPlace /&gt; should not display &quot;Voir l’itinéraire&quot; button When only address provided" time="0.015">
    </testcase>
    <testcase classname="&lt;OfferPlace /&gt; should not display &quot;Voir l’itinéraire&quot; button When only city provided" name="&lt;OfferPlace /&gt; should not display &quot;Voir l’itinéraire&quot; button When only city provided" time="0.017">
    </testcase>
    <testcase classname="&lt;OfferPlace /&gt; should not display &quot;Voir l’itinéraire&quot; button When only city postalCode" name="&lt;OfferPlace /&gt; should not display &quot;Voir l’itinéraire&quot; button When only city postalCode" time="0.016">
    </testcase>
    <testcase classname="&lt;OfferPlace /&gt; should log consult itinerary when pressing &quot;Voir l’itinéraire&quot; button" name="&lt;OfferPlace /&gt; should log consult itinerary when pressing &quot;Voir l’itinéraire&quot; button" time="0.014">
    </testcase>
    <testcase classname="&lt;OfferPlace /&gt; HeaderMessage should return &quot;Lieux disponibles autour de moi&quot; when location mode is AROUND_ME and place is null" name="&lt;OfferPlace /&gt; HeaderMessage should return &quot;Lieux disponibles autour de moi&quot; when location mode is AROUND_ME and place is null" time="0.136">
    </testcase>
    <testcase classname="&lt;OfferPlace /&gt; HeaderMessage should return &quot;Lieux à proximité de “Cinéma de la fin”&quot; when location mode is EVERYWHERE and place is null" name="&lt;OfferPlace /&gt; HeaderMessage should return &quot;Lieux à proximité de “Cinéma de la fin”&quot; when location mode is EVERYWHERE and place is null" time="0.039">
    </testcase>
    <testcase classname="&lt;OfferPlace /&gt; HeaderMessage should return &quot;Lieux à proximité de “Kourou”&quot; when location mode is AROUND_PLACE and place is {&quot;geolocation&quot;: [Object], &quot;info&quot;: &quot;Guyane&quot;, &quot;label&quot;: &quot;Kourou&quot;}" name="&lt;OfferPlace /&gt; HeaderMessage should return &quot;Lieux à proximité de “Kourou”&quot; when location mode is AROUND_PLACE and place is {&quot;geolocation&quot;: [Object], &quot;info&quot;: &quot;Guyane&quot;, &quot;label&quot;: &quot;Kourou&quot;}" time="0.042">
    </testcase>
    <testcase classname="&lt;OfferPlace /&gt; should display container with divider on mobile" name="&lt;OfferPlace /&gt; should display container with divider on mobile" time="0.012">
    </testcase>
    <testcase classname="&lt;OfferPlace /&gt; should not display container with divider on desktop" name="&lt;OfferPlace /&gt; should not display container with divider on desktop" time="0.009">
    </testcase>
    <testcase classname="&lt;OfferPlace /&gt; should display container without divider on desktop" name="&lt;OfferPlace /&gt; should display container without divider on desktop" time="0.013">
    </testcase>
    <testcase classname="&lt;OfferPlace /&gt; should not display container without divider on mobile" name="&lt;OfferPlace /&gt; should not display container without divider on mobile" time="0.01">
    </testcase>
  </testsuite>
  <testsuite name="&lt;SearchFilter/&gt;" errors="0" failures="0" skipped="0" timestamp="2024-07-01T10:03:09" time="7.356" tests="8">
    <testcase classname="&lt;SearchFilter/&gt; should render correctly" name="&lt;SearchFilter/&gt; should render correctly" time="0.291">
    </testcase>
    <testcase classname="&lt;SearchFilter/&gt; should setLocationMode to AROUND-ME in location context, when URI params contains AROUND-ME, and user has a geolocposition" name="&lt;SearchFilter/&gt; should setLocationMode to AROUND-ME in location context, when URI params contains AROUND-ME, and user has a geolocposition" time="0.112">
    </testcase>
    <testcase classname="&lt;SearchFilter/&gt; shouldn&apos;t setLocationMode to AROUND-ME in location context, when URI params contains AROUND-ME, and user has no geolocposition" name="&lt;SearchFilter/&gt; shouldn&apos;t setLocationMode to AROUND-ME in location context, when URI params contains AROUND-ME, and user has no geolocposition" time="0.162">
    </testcase>
    <testcase classname="&lt;SearchFilter/&gt; should update the SearchState, but keep the query, when pressing the reset button, and position is not null" name="&lt;SearchFilter/&gt; should update the SearchState, but keep the query, when pressing the reset button, and position is not null" time="0.184">
    </testcase>
    <testcase classname="&lt;SearchFilter/&gt; should update the SearchState, but keep the query, when pressing the reset button, and position is null" name="&lt;SearchFilter/&gt; should update the SearchState, but keep the query, when pressing the reset button, and position is null" time="0.105">
    </testcase>
    <testcase classname="&lt;SearchFilter/&gt; should log analytics when clicking on the reset button" name="&lt;SearchFilter/&gt; should log analytics when clicking on the reset button" time="0.159">
    </testcase>
    <testcase classname="&lt;SearchFilter/&gt; should display back button on header" name="&lt;SearchFilter/&gt; should display back button on header" time="0.117">
    </testcase>
    <testcase classname="&lt;SearchFilter/&gt; should display accessibility section" name="&lt;SearchFilter/&gt; should display accessibility section" time="0.048">
    </testcase>
  </testsuite>
  <testsuite name="HomeHeader" errors="0" failures="0" skipped="0" timestamp="2024-07-01T10:03:14" time="3.753" tests="9">
    <testcase classname="HomeHeader ex beneficiary users should see subtitle: Ton crédit est expiré" name="HomeHeader ex beneficiary users should see subtitle: Ton crédit est expiré" time="0.162">
    </testcase>
    <testcase classname="HomeHeader beneficiary users should see subtitle: Tu as 56 € sur ton pass" name="HomeHeader beneficiary users should see subtitle: Tu as 56 € sur ton pass" time="0.058">
    </testcase>
    <testcase classname="HomeHeader eligible ex beneficiary users should see subtitle: Toute la culture à portée de main" name="HomeHeader eligible ex beneficiary users should see subtitle: Toute la culture à portée de main" time="0.026">
    </testcase>
    <testcase classname="HomeHeader general users should see subtitle: Toute la culture à portée de main" name="HomeHeader general users should see subtitle: Toute la culture à portée de main" time="0.018">
    </testcase>
    <testcase classname="HomeHeader not logged in users should see subtitle: Toute la culture à portée de main" name="HomeHeader not logged in users should see subtitle: Toute la culture à portée de main" time="0.022">
    </testcase>
    <testcase classname="HomeHeader should show LocationWidget when isDesktopViewport is false" name="HomeHeader should show LocationWidget when isDesktopViewport is false" time="0.027">
    </testcase>
    <testcase classname="HomeHeader should not show LocationWidget isDesktopViewport is true" name="HomeHeader should not show LocationWidget isDesktopViewport is true" time="0.153">
    </testcase>
    <testcase classname="HomeHeader should show LocationTitleWidget isDesktopViewport is true" name="HomeHeader should show LocationTitleWidget isDesktopViewport is true" time="0.073">
    </testcase>
    <testcase classname="HomeHeader should not show LocationTitleWidget isDesktopViewport is false" name="HomeHeader should not show LocationTitleWidget isDesktopViewport is false" time="0.034">
    </testcase>
  </testsuite>
  <testsuite name="&lt;ConfirmChangeEmailDeprecated /&gt;" errors="0" failures="0" skipped="0" timestamp="2024-07-01T10:03:17" time="5.712" tests="7">
    <testcase classname="&lt;ConfirmChangeEmailDeprecated /&gt; should navigate to change email expired if last email change expired" name="&lt;ConfirmChangeEmailDeprecated /&gt; should navigate to change email expired if last email change expired" time="0.067">
    </testcase>
    <testcase classname="&lt;ConfirmChangeEmailDeprecated /&gt; should navigate to home when pressing cancel button" name="&lt;ConfirmChangeEmailDeprecated /&gt; should navigate to home when pressing cancel button" time="0.018">
    </testcase>
    <testcase classname="&lt;ConfirmChangeEmailDeprecated /&gt; should navigate to email change tracking when pressing &quot;Confirmer la demande&quot; button and API response is success" name="&lt;ConfirmChangeEmailDeprecated /&gt; should navigate to email change tracking when pressing &quot;Confirmer la demande&quot; button and API response is success" time="0.191">
    </testcase>
    <testcase classname="&lt;ConfirmChangeEmailDeprecated /&gt; should redirect to home when pressing &quot;Confirmer la demande&quot; button and and API response is not 401 error" name="&lt;ConfirmChangeEmailDeprecated /&gt; should redirect to home when pressing &quot;Confirmer la demande&quot; button and and API response is not 401 error" time="0.049">
    </testcase>
    <testcase classname="&lt;ConfirmChangeEmailDeprecated /&gt; should redirect to change email expired when pressing &quot;Confirmer la demande&quot; button and and API response is 401 error" name="&lt;ConfirmChangeEmailDeprecated /&gt; should redirect to change email expired when pressing &quot;Confirmer la demande&quot; button and and API response is 401 error" time="0.035">
    </testcase>
    <testcase classname="&lt;ConfirmChangeEmailDeprecated /&gt; should display an error snackbar when pressing &quot;Confirmer la demande&quot; button and API response is not 401 error" name="&lt;ConfirmChangeEmailDeprecated /&gt; should display an error snackbar when pressing &quot;Confirmer la demande&quot; button and API response is not 401 error" time="0.058">
    </testcase>
    <testcase classname="&lt;ConfirmChangeEmailDeprecated /&gt; should not display an error snackbar when pressing &quot;Confirmer la demande&quot; button and API response is a 401 error" name="&lt;ConfirmChangeEmailDeprecated /&gt; should not display an error snackbar when pressing &quot;Confirmer la demande&quot; button and API response is a 401 error" time="0.03">
    </testcase>
  </testsuite>
  <testsuite name="&lt;SearchLanding /&gt;" errors="0" failures="0" skipped="0" timestamp="2024-07-01T10:03:15" time="8.478" tests="16">
    <testcase classname="&lt;SearchLanding /&gt; When wipAppV2SearchLandingHeader feature flag deactivated should render SearchLanding" name="&lt;SearchLanding /&gt; When wipAppV2SearchLandingHeader feature flag deactivated should render SearchLanding" time="0.295">
    </testcase>
    <testcase classname="&lt;SearchLanding /&gt; When wipAppV2SearchLandingHeader feature flag deactivated should not render gradient header" name="&lt;SearchLanding /&gt; When wipAppV2SearchLandingHeader feature flag deactivated should not render gradient header" time="0.061">
    </testcase>
    <testcase classname="&lt;SearchLanding /&gt; When App V2 feature flag activated should render V2 App Design SearchLanding" name="&lt;SearchLanding /&gt; When App V2 feature flag activated should render V2 App Design SearchLanding" time="0.065">
    </testcase>
    <testcase classname="&lt;SearchLanding /&gt; When wipAppV2SearchLandingHeader feature flag activated should render gradient header" name="&lt;SearchLanding /&gt; When wipAppV2SearchLandingHeader feature flag activated should render gradient header" time="0.053">
    </testcase>
    <testcase classname="&lt;SearchLanding /&gt; When SearchLanding is focus on suggestions should display offer suggestions" name="&lt;SearchLanding /&gt; When SearchLanding is focus on suggestions should display offer suggestions" time="0.157">
    </testcase>
    <testcase classname="&lt;SearchLanding /&gt; When SearchLanding is focus on suggestions should display venue suggestions" name="&lt;SearchLanding /&gt; When SearchLanding is focus on suggestions should display venue suggestions" time="0.184">
    </testcase>
    <testcase classname="&lt;SearchLanding /&gt; When SearchLanding is focus on suggestions should handle venue press" name="&lt;SearchLanding /&gt; When SearchLanding is focus on suggestions should handle venue press" time="0.266">
    </testcase>
    <testcase classname="&lt;SearchLanding /&gt; When SearchLanding is focus on suggestions should hide suggestions when pressing a venue" name="&lt;SearchLanding /&gt; When SearchLanding is focus on suggestions should hide suggestions when pressing a venue" time="0.878">
    </testcase>
    <testcase classname="&lt;SearchLanding /&gt; When SearchLanding is focus on suggestions should dismiss keyboard on scroll" name="&lt;SearchLanding /&gt; When SearchLanding is focus on suggestions should dismiss keyboard on scroll" time="0.785">
    </testcase>
    <testcase classname="&lt;SearchLanding /&gt; When SearchLanding is focus on suggestions should display search history when it has items" name="&lt;SearchLanding /&gt; When SearchLanding is focus on suggestions should display search history when it has items" time="0.362">
    </testcase>
    <testcase classname="&lt;SearchLanding /&gt; When SearchLanding is focus on suggestions should not display search history when it has no items" name="&lt;SearchLanding /&gt; When SearchLanding is focus on suggestions should not display search history when it has no items" time="0.046">
    </testcase>
    <testcase classname="&lt;SearchLanding /&gt; When SearchLanding is focus on suggestions should dismiss the keyboard when pressing search history item" name="&lt;SearchLanding /&gt; When SearchLanding is focus on suggestions should dismiss the keyboard when pressing search history item" time="0.121">
    </testcase>
    <testcase classname="&lt;SearchLanding /&gt; When SearchLanding is focus on suggestions should update state and execute the search with the history item When it has not category and native category" name="&lt;SearchLanding /&gt; When SearchLanding is focus on suggestions should update state and execute the search with the history item When it has not category and native category" time="0.203">
    </testcase>
    <testcase classname="&lt;SearchLanding /&gt; When SearchLanding is focus on suggestions should update state and execute the search with the history item When it has category and native category" name="&lt;SearchLanding /&gt; When SearchLanding is focus on suggestions should update state and execute the search with the history item When it has category and native category" time="0.294">
    </testcase>
    <testcase classname="&lt;SearchLanding /&gt; When SearchLanding is focus on suggestions should update state and execute the search with the history item When it has only a category" name="&lt;SearchLanding /&gt; When SearchLanding is focus on suggestions should update state and execute the search with the history item When it has only a category" time="0.298">
    </testcase>
    <testcase classname="&lt;SearchLanding /&gt; When offline should display offline page" name="&lt;SearchLanding /&gt; When offline should display offline page" time="0.252">
    </testcase>
  </testsuite>
  <testsuite name="&lt;VenueOffers /&gt;" errors="0" failures="0" skipped="0" timestamp="2024-07-01T10:03:15" time="8.396" tests="13">
    <testcase classname="&lt;VenueOffers /&gt; should display skeleton if offers are fetching" name="&lt;VenueOffers /&gt; should display skeleton if offers are fetching" time="0.174">
    </testcase>
    <testcase classname="&lt;VenueOffers /&gt; should display skeleton if playlists are fetching" name="&lt;VenueOffers /&gt; should display skeleton if playlists are fetching" time="0.022">
    </testcase>
    <testcase classname="&lt;VenueOffers /&gt; should display placeholder when no offers" name="&lt;VenueOffers /&gt; should display placeholder when no offers" time="0.009">
    </testcase>
    <testcase classname="&lt;VenueOffers /&gt; should display &quot;En voir plus&quot; button if they are more hits to see than the one displayed" name="&lt;VenueOffers /&gt; should display &quot;En voir plus&quot; button if they are more hits to see than the one displayed" time="0.102">
    </testcase>
    <testcase classname="&lt;VenueOffers /&gt; should not display &quot;En voir plus&quot; button if they are no more hits to see than the one displayed" name="&lt;VenueOffers /&gt; should not display &quot;En voir plus&quot; button if they are no more hits to see than the one displayed" time="0.032">
    </testcase>
    <testcase classname="&lt;VenueOffers /&gt; should go to search page with venue infos when clicking &quot;En voir plus&quot; button" name="&lt;VenueOffers /&gt; should go to search page with venue infos when clicking &quot;En voir plus&quot; button" time="0.094">
    </testcase>
    <testcase classname="&lt;VenueOffers /&gt; should log analytics event when clicking &quot;En voir plus&quot; button" name="&lt;VenueOffers /&gt; should log analytics event when clicking &quot;En voir plus&quot; button" time="0.045">
    </testcase>
    <testcase classname="&lt;VenueOffers /&gt; should display all gtl playlists When there are gtl playlists associated to the venue and venue type is distribution store" name="&lt;VenueOffers /&gt; should display all gtl playlists When there are gtl playlists associated to the venue and venue type is distribution store" time="0.228">
    </testcase>
    <testcase classname="&lt;VenueOffers /&gt; should display all gtl playlists When there are gtl playlists associated to the venue and venue type is book store" name="&lt;VenueOffers /&gt; should display all gtl playlists When there are gtl playlists associated to the venue and venue type is book store" time="0.2">
    </testcase>
    <testcase classname="&lt;VenueOffers /&gt; should not display all gtl playlists When there are not gtl playlists associated to the venue and venue type is distribution store" name="&lt;VenueOffers /&gt; should not display all gtl playlists When there are not gtl playlists associated to the venue and venue type is distribution store" time="0.06">
    </testcase>
    <testcase classname="&lt;VenueOffers /&gt; should not display all gtl playlists When there are not gtl playlists associated to the venue and venue type is book store" name="&lt;VenueOffers /&gt; should not display all gtl playlists When there are not gtl playlists associated to the venue and venue type is book store" time="0.065">
    </testcase>
    <testcase classname="&lt;VenueOffers /&gt; should not display all gtl playlists When there are gtl playlists associated to the venue and venue type is not distribution or book store" name="&lt;VenueOffers /&gt; should not display all gtl playlists When there are gtl playlists associated to the venue and venue type is not distribution or book store" time="0.213">
    </testcase>
    <testcase classname="&lt;VenueOffers /&gt; Cinema venue should display movie screening calendar if at least one offer is a movie screening" name="&lt;VenueOffers /&gt; Cinema venue should display movie screening calendar if at least one offer is a movie screening" time="0.346">
    </testcase>
  </testsuite>
  <testsuite name="&lt;RootNavigator /&gt;" errors="0" failures="0" skipped="0" timestamp="2024-07-01T10:03:18" time="7.159" tests="5">
    <testcase classname="&lt;RootNavigator /&gt; should NOT display PrivacyPolicy if splash screen is not yet hidden" name="&lt;RootNavigator /&gt; should NOT display PrivacyPolicy if splash screen is not yet hidden" time="0.083">
    </testcase>
    <testcase classname="&lt;RootNavigator /&gt; should display PrivacyPolicy if splash screen is hidden" name="&lt;RootNavigator /&gt; should display PrivacyPolicy if splash screen is hidden" time="0.164">
    </testcase>
    <testcase classname="&lt;RootNavigator /&gt; should not display quick access button in native" name="&lt;RootNavigator /&gt; should not display quick access button in native" time="0.039">
    </testcase>
    <testcase classname="&lt;RootNavigator /&gt; should increment logged in session count when user is logged in" name="&lt;RootNavigator /&gt; should increment logged in session count when user is logged in" time="0.074">
    </testcase>
    <testcase classname="&lt;RootNavigator /&gt; should not increment logged in session count when user is not logged in" name="&lt;RootNavigator /&gt; should not increment logged in session count when user is not logged in" time="0.096">
    </testcase>
  </testsuite>
  <testsuite name="AutocompleteOfferItem component" errors="0" failures="0" skipped="0" timestamp="2024-07-01T10:03:16" time="8.596" tests="26">
    <testcase classname="AutocompleteOfferItem component should render AutocompleteOfferItem" name="AutocompleteOfferItem component should render AutocompleteOfferItem" time="0.139">
    </testcase>
    <testcase classname="AutocompleteOfferItem component should not display `FILMS_SERIES_CINEMA` searchGroup" name="AutocompleteOfferItem component should not display `FILMS_SERIES_CINEMA` searchGroup" time="0.015">
    </testcase>
    <testcase classname="AutocompleteOfferItem component should create a suggestion clicked event when pressing a hit" name="AutocompleteOfferItem component should create a suggestion clicked event when pressing a hit" time="0.066">
    </testcase>
    <testcase classname="AutocompleteOfferItem component when item is not in the first three suggestions should execute a search with the query suggestion on hit click" name="AutocompleteOfferItem component when item is not in the first three suggestions should execute a search with the query suggestion on hit click" time="0.018">
    </testcase>
    <testcase classname="AutocompleteOfferItem component when item is not in the first three suggestions should not display the most popular native category of the query suggestion" name="AutocompleteOfferItem component when item is not in the first three suggestions should not display the most popular native category of the query suggestion" time="0.084">
    </testcase>
    <testcase classname="AutocompleteOfferItem component when item is not in the first three suggestions should not execute the search with the category, native category and genre of the previous search on hit click" name="AutocompleteOfferItem component when item is not in the first three suggestions should not execute the search with the category, native category and genre of the previous search on hit click" time="0.017">
    </testcase>
    <testcase classname="AutocompleteOfferItem component when item is in the first three suggestions should execute a search with the query suggestion and its most popular native category when it associated to only one category on hit click" name="AutocompleteOfferItem component when item is in the first three suggestions should execute a search with the query suggestion and its most popular native category when it associated to only one category on hit click" time="0.048">
    </testcase>
    <testcase classname="AutocompleteOfferItem component when item is in the first three suggestions should execute a search with the query suggestion and its most popular native category is associated to several categories and is associated to the most popular category" name="AutocompleteOfferItem component when item is in the first three suggestions should execute a search with the query suggestion and its most popular native category is associated to several categories and is associated to the most popular category" time="0.016">
    </testcase>
    <testcase classname="AutocompleteOfferItem component when item is in the first three suggestions should execute a search with the query suggestion and its most popular category when native category associated to several categories and not associated to the most popular category" name="AutocompleteOfferItem component when item is in the first three suggestions should execute a search with the query suggestion and its most popular category when native category associated to several categories and not associated to the most popular category" time="0.205">
    </testcase>
    <testcase classname="AutocompleteOfferItem component when item is in the first three suggestions should execute a search with the query suggestion and the most popular category when the suggestion has not native category" name="AutocompleteOfferItem component when item is in the first three suggestions should execute a search with the query suggestion and the most popular category when the suggestion has not native category" time="0.013">
    </testcase>
    <testcase classname="AutocompleteOfferItem component when item is in the first three suggestions should execute a search with the query suggestion and without the most popular category and native category when there are unknown in the app" name="AutocompleteOfferItem component when item is in the first three suggestions should execute a search with the query suggestion and without the most popular category and native category when there are unknown in the app" time="0.007">
    </testcase>
    <testcase classname="AutocompleteOfferItem component when item is in the first three suggestions should execute a search with the query suggestion and without the most popular category when it is unknown in the app" name="AutocompleteOfferItem component when item is in the first three suggestions should execute a search with the query suggestion and without the most popular category when it is unknown in the app" time="0.007">
    </testcase>
    <testcase classname="AutocompleteOfferItem component when item is in the first three suggestions should execute a search with the query suggestion and without the most popular native category but the most popular category when native category is unknown in the app" name="AutocompleteOfferItem component when item is in the first three suggestions should execute a search with the query suggestion and without the most popular native category but the most popular category when native category is unknown in the app" time="0.005">
    </testcase>
    <testcase classname="AutocompleteOfferItem component when item is in the first three suggestions should display the most popular native category of the query suggestion when it associated to only one category" name="AutocompleteOfferItem component when item is in the first three suggestions should display the most popular native category of the query suggestion when it associated to only one category" time="0.009">
    </testcase>
    <testcase classname="AutocompleteOfferItem component when item is in the first three suggestions should display the most popular native category of the query suggestion when it associated to the most popular category" name="AutocompleteOfferItem component when item is in the first three suggestions should display the most popular native category of the query suggestion when it associated to the most popular category" time="0.005">
    </testcase>
    <testcase classname="AutocompleteOfferItem component when item is in the first three suggestions should not display the most popular category or native category of the query suggestion when it does not return by Algolia" name="AutocompleteOfferItem component when item is in the first three suggestions should not display the most popular category or native category of the query suggestion when it does not return by Algolia" time="0.007">
    </testcase>
    <testcase classname="AutocompleteOfferItem component when item is in the first three suggestions should not display the most popular category or native category of the query suggestion when there are unknown in the app" name="AutocompleteOfferItem component when item is in the first three suggestions should not display the most popular category or native category of the query suggestion when there are unknown in the app" time="0.005">
    </testcase>
    <testcase classname="AutocompleteOfferItem component when item is in the first three suggestions should not display the most popular native category of the query suggestion when it is not associated to the most popular category" name="AutocompleteOfferItem component when item is in the first three suggestions should not display the most popular native category of the query suggestion when it is not associated to the most popular category" time="0.005">
    </testcase>
    <testcase classname="AutocompleteOfferItem component when item is in the first three suggestions should not display the most popular native category of the query suggestion when it is unknown in the app" name="AutocompleteOfferItem component when item is in the first three suggestions should not display the most popular native category of the query suggestion when it is unknown in the app" time="0.004">
    </testcase>
    <testcase classname="AutocompleteOfferItem component when item is in the first three suggestions should not display the most popular category of the query suggestion when native category associated to only one category" name="AutocompleteOfferItem component when item is in the first three suggestions should not display the most popular category of the query suggestion when native category associated to only one category" time="0.049">
    </testcase>
    <testcase classname="AutocompleteOfferItem component when item is in the first three suggestions should not display the most popular category of the query suggestion when native category associated to the most popular category" name="AutocompleteOfferItem component when item is in the first three suggestions should not display the most popular category of the query suggestion when native category associated to the most popular category" time="0.022">
    </testcase>
    <testcase classname="AutocompleteOfferItem component when item is in the first three suggestions should not display the most popular category of the query suggestion when category is unknown in the app" name="AutocompleteOfferItem component when item is in the first three suggestions should not display the most popular category of the query suggestion when category is unknown in the app" time="0.008">
    </testcase>
    <testcase classname="AutocompleteOfferItem component when item is in the first three suggestions should display the most popular category of the query suggestion when is not associated to the most popular category" name="AutocompleteOfferItem component when item is in the first three suggestions should display the most popular category of the query suggestion when is not associated to the most popular category" time="0.007">
    </testcase>
    <testcase classname="AutocompleteOfferItem component when item is in the first three suggestions should display the most popular category of the query suggestion when has not native category associated to the suggestion" name="AutocompleteOfferItem component when item is in the first three suggestions should display the most popular category of the query suggestion when has not native category associated to the suggestion" time="0.004">
    </testcase>
    <testcase classname="AutocompleteOfferItem component when item is in the first three suggestions should display the most popular category of the query suggestion when native category is unknown in the app" name="AutocompleteOfferItem component when item is in the first three suggestions should display the most popular category of the query suggestion when native category is unknown in the app" time="0.012">
    </testcase>
    <testcase classname="AutocompleteOfferItem component when item is in the first three suggestions should display the most popular category of the query suggestion when native category is Livres Papier and FF WIP_NEW_MAPPING_BOOKS is enabled" name="AutocompleteOfferItem component when item is in the first three suggestions should display the most popular category of the query suggestion when native category is Livres Papier and FF WIP_NEW_MAPPING_BOOKS is enabled" time="0.008">
    </testcase>
  </testsuite>
  <testsuite name="nbsp-in-text" errors="0" failures="0" skipped="0" timestamp="2024-07-01T10:03:18" time="8.101" tests="16">
    <testcase classname="nbsp-in-text valid &apos;myText\u00a0!&apos;" name="nbsp-in-text valid &apos;myText\u00a0!&apos;" time="6.056">
    </testcase>
    <testcase classname="nbsp-in-text valid &apos;«\u00a0myText&apos;" name="nbsp-in-text valid &apos;«\u00a0myText&apos;" time="0.032">
    </testcase>
    <testcase classname="nbsp-in-text valid `myText\u00a0:`" name="nbsp-in-text valid `myText\u00a0:`" time="0.006">
    </testcase>
    <testcase classname="nbsp-in-text valid `«\u00a0myText`" name="nbsp-in-text valid `«\u00a0myText`" time="0.004">
    </testcase>
    <testcase classname="nbsp-in-text valid &quot;myText&amp;nbsp;?&quot;" name="nbsp-in-text valid &quot;myText&amp;nbsp;?&quot;" time="0.007">
    </testcase>
    <testcase classname="nbsp-in-text valid &quot;«&amp;nbsp;myText&quot;" name="nbsp-in-text valid &quot;«&amp;nbsp;myText&quot;" time="0.011">
    </testcase>
    <testcase classname="nbsp-in-text valid &lt;Text&gt;myText&amp;nbsp;€&lt;/Text&gt;" name="nbsp-in-text valid &lt;Text&gt;myText&amp;nbsp;€&lt;/Text&gt;" time="0.008">
    </testcase>
    <testcase classname="nbsp-in-text valid &lt;Text&gt;«&amp;nbsp;myText&lt;/Text&gt;" name="nbsp-in-text valid &lt;Text&gt;«&amp;nbsp;myText&lt;/Text&gt;" time="0.009">
    </testcase>
    <testcase classname="nbsp-in-text invalid &apos;myText !&apos;" name="nbsp-in-text invalid &apos;myText !&apos;" time="0.009">
    </testcase>
    <testcase classname="nbsp-in-text invalid &apos;« myText&apos;" name="nbsp-in-text invalid &apos;« myText&apos;" time="0.009">
    </testcase>
    <testcase classname="nbsp-in-text invalid `myText :`" name="nbsp-in-text invalid `myText :`" time="0.011">
    </testcase>
    <testcase classname="nbsp-in-text invalid `« myText`" name="nbsp-in-text invalid `« myText`" time="0.01">
    </testcase>
    <testcase classname="nbsp-in-text invalid &quot;myText ?&quot;" name="nbsp-in-text invalid &quot;myText ?&quot;" time="0.01">
    </testcase>
    <testcase classname="nbsp-in-text invalid &quot;« myText&quot;" name="nbsp-in-text invalid &quot;« myText&quot;" time="0.006">
    </testcase>
    <testcase classname="nbsp-in-text invalid &lt;Text&gt;myText €&lt;/Text&gt;" name="nbsp-in-text invalid &lt;Text&gt;myText €&lt;/Text&gt;" time="0.019">
    </testcase>
    <testcase classname="nbsp-in-text invalid &lt;Text&gt;« myText&lt;/Text&gt;" name="nbsp-in-text invalid &lt;Text&gt;« myText&lt;/Text&gt;" time="0.005">
    </testcase>
  </testsuite>
  <testsuite name="&lt;SuspiciousLoginSuspendedAccount/&gt;" errors="0" failures="0" skipped="0" timestamp="2024-07-01T10:03:23" time="4.206" tests="2">
    <testcase classname="&lt;SuspiciousLoginSuspendedAccount/&gt; should match snapshot" name="&lt;SuspiciousLoginSuspendedAccount/&gt; should match snapshot" time="0.097">
    </testcase>
    <testcase classname="&lt;SuspiciousLoginSuspendedAccount/&gt; should log analytics when clicking on &quot;Contacter le service fraude&quot; button" name="&lt;SuspiciousLoginSuspendedAccount/&gt; should log analytics when clicking on &quot;Contacter le service fraude&quot; button" time="0.021">
    </testcase>
  </testsuite>
  <testsuite name="&lt;IdentityCheckDMS /&gt;" errors="0" failures="0" skipped="0" timestamp="2024-07-01T10:03:24" time="3.644" tests="1">
    <testcase classname="&lt;IdentityCheckDMS /&gt; should render correctly" name="&lt;IdentityCheckDMS /&gt; should render correctly" time="0.104">
    </testcase>
  </testsuite>
  <testsuite name="&lt;ErrorApplicationModal /&gt;" errors="0" failures="0" skipped="0" timestamp="2024-07-01T10:03:25" time="4.239" tests="5">
    <testcase classname="&lt;ErrorApplicationModal /&gt; should match previous snapshot" name="&lt;ErrorApplicationModal /&gt; should match previous snapshot" time="0.151">
    </testcase>
    <testcase classname="&lt;ErrorApplicationModal /&gt; should close modal and navigate to profile when pressing &quot;Aller vers la section profil&quot; button" name="&lt;ErrorApplicationModal /&gt; should close modal and navigate to profile when pressing &quot;Aller vers la section profil&quot; button" time="0.062">
    </testcase>
    <testcase classname="&lt;ErrorApplicationModal /&gt; should log analytics when clicking on close button with label &quot;Aller vers la section profil" name="&lt;ErrorApplicationModal /&gt; should log analytics when clicking on close button with label &quot;Aller vers la section profil" time="0.02">
    </testcase>
    <testcase classname="&lt;ErrorApplicationModal /&gt; should close modal when clicking on button &quot;Mettre en favori" name="&lt;ErrorApplicationModal /&gt; should close modal when clicking on button &quot;Mettre en favori" time="0.203">
    </testcase>
    <testcase classname="&lt;ErrorApplicationModal /&gt; should log analytics when clicking on button &quot;Mettre en favori" name="&lt;ErrorApplicationModal /&gt; should log analytics when clicking on button &quot;Mettre en favori" time="0.093">
    </testcase>
  </testsuite>
  <testsuite name="SignupBanner" errors="0" failures="0" skipped="0" timestamp="2024-07-01T10:03:25" time="3.677" tests="8">
    <testcase classname="SignupBanner When wipAppV2SystemBlock deactivated should display banner with background" name="SignupBanner When wipAppV2SystemBlock deactivated should display banner with background" time="0.062">
    </testcase>
    <testcase classname="SignupBanner When wipAppV2SystemBlock deactivated should not display system banner" name="SignupBanner When wipAppV2SystemBlock deactivated should not display system banner" time="0.033">
    </testcase>
    <testcase classname="SignupBanner When wipAppV2SystemBlock deactivated should redirect to signup form on press" name="SignupBanner When wipAppV2SystemBlock deactivated should redirect to signup form on press" time="0.153">
    </testcase>
    <testcase classname="SignupBanner When wipAppV2SystemBlock deactivated should log analytics on press" name="SignupBanner When wipAppV2SystemBlock deactivated should log analytics on press" time="0.027">
    </testcase>
    <testcase classname="SignupBanner When wipAppV2SystemBlock activated should not display banner with background" name="SignupBanner When wipAppV2SystemBlock activated should not display banner with background" time="0.031">
    </testcase>
    <testcase classname="SignupBanner When wipAppV2SystemBlock activated should not  system banner" name="SignupBanner When wipAppV2SystemBlock activated should not  system banner" time="0.016">
    </testcase>
    <testcase classname="SignupBanner When wipAppV2SystemBlock activated should redirect to signup form on press" name="SignupBanner When wipAppV2SystemBlock activated should redirect to signup form on press" time="0.014">
    </testcase>
    <testcase classname="SignupBanner When wipAppV2SystemBlock activated should log analytics on press" name="SignupBanner When wipAppV2SystemBlock activated should log analytics on press" time="0.044">
    </testcase>
  </testsuite>
  <testsuite name="ExpiredOrLostID" errors="0" failures="0" skipped="0" timestamp="2024-07-01T10:03:26" time="3.935" tests="4">
    <testcase classname="ExpiredOrLostID should render correctly" name="ExpiredOrLostID should render correctly" time="0.172">
    </testcase>
    <testcase classname="ExpiredOrLostID should open ants url on press &quot;Aller sur demarches-simplifiees.fr&quot;" name="ExpiredOrLostID should open ants url on press &quot;Aller sur demarches-simplifiees.fr&quot;" time="0.053">
    </testcase>
    <testcase classname="ExpiredOrLostID should log screen view when the screen is mounted" name="ExpiredOrLostID should log screen view when the screen is mounted" time="0.05">
    </testcase>
    <testcase classname="ExpiredOrLostID should send a batch event when the screen is mounted" name="ExpiredOrLostID should send a batch event when the screen is mounted" time="0.013">
    </testcase>
  </testsuite>
  <testsuite name="TrendsModule" errors="0" failures="0" skipped="0" timestamp="2024-07-01T10:03:26" time="4.295" tests="11">
    <testcase classname="TrendsModule should not log analytics on render when FF is disabled" name="TrendsModule should not log analytics on render when FF is disabled" time="0.035">
    </testcase>
    <testcase classname="TrendsModule When shouldApplyGraphicRedesign remote config is false should log analytics on render when FF is enabled and home id not in REDESIGN_AB_TESTING_HOME_MODULES" name="TrendsModule When shouldApplyGraphicRedesign remote config is false should log analytics on render when FF is enabled and home id not in REDESIGN_AB_TESTING_HOME_MODULES" time="0.037">
    </testcase>
    <testcase classname="TrendsModule When shouldApplyGraphicRedesign remote config is false should log analytics on render when FF is enabled and home id in REDESIGN_AB_TESTING_HOME_MODULES" name="TrendsModule When shouldApplyGraphicRedesign remote config is false should log analytics on render when FF is enabled and home id in REDESIGN_AB_TESTING_HOME_MODULES" time="0.005">
    </testcase>
    <testcase classname="TrendsModule When shouldApplyGraphicRedesign remote config is true should log analytics on render when FF is enabled and home id not in REDESIGN_AB_TESTING_HOME_MODULES" name="TrendsModule When shouldApplyGraphicRedesign remote config is true should log analytics on render when FF is enabled and home id not in REDESIGN_AB_TESTING_HOME_MODULES" time="0.019">
    </testcase>
    <testcase classname="TrendsModule When shouldApplyGraphicRedesign remote config is true should log analytics on render when FF is enabled and home id in REDESIGN_AB_TESTING_HOME_MODULES" name="TrendsModule When shouldApplyGraphicRedesign remote config is true should log analytics on render when FF is enabled and home id in REDESIGN_AB_TESTING_HOME_MODULES" time="0.05">
    </testcase>
    <testcase classname="TrendsModule When shouldApplyGraphicRedesign remote config is true should redirect to VenueMap when pressing venue map block content type and user location is not everywhere" name="TrendsModule When shouldApplyGraphicRedesign remote config is true should redirect to VenueMap when pressing venue map block content type and user location is not everywhere" time="0.077">
    </testcase>
    <testcase classname="TrendsModule When shouldApplyGraphicRedesign remote config is true should open venue map location modal when pressing venue map block content type and user location is everywhere" name="TrendsModule When shouldApplyGraphicRedesign remote config is true should open venue map location modal when pressing venue map block content type and user location is everywhere" time="0.033">
    </testcase>
    <testcase classname="TrendsModule When shouldApplyGraphicRedesign remote config is true should redirect to thematic home when pressing trend block content type" name="TrendsModule When shouldApplyGraphicRedesign remote config is true should redirect to thematic home when pressing trend block content type" time="0.088">
    </testcase>
    <testcase classname="TrendsModule When shouldApplyGraphicRedesign remote config is true should log analytics when pressing venue map block content type" name="TrendsModule When shouldApplyGraphicRedesign remote config is true should log analytics when pressing venue map block content type" time="0.026">
    </testcase>
    <testcase classname="TrendsModule When shouldApplyGraphicRedesign remote config is true should log trends block clicked when pressing a trend" name="TrendsModule When shouldApplyGraphicRedesign remote config is true should log trends block clicked when pressing a trend" time="0.031">
    </testcase>
    <testcase classname="TrendsModule When shouldApplyGraphicRedesign remote config is true should log trends block clicked when pressing venue map block content type" name="TrendsModule When shouldApplyGraphicRedesign remote config is true should log trends block clicked when pressing venue map block content type" time="0.025">
    </testcase>
  </testsuite>
  <testsuite name="&lt;AddToFavoriteButton /&gt;" errors="0" failures="0" skipped="0" timestamp="2024-07-01T10:03:27" time="3.72" tests="2">
    <testcase classname="&lt;AddToFavoriteButton /&gt; should render nothing when offer already in favorite" name="&lt;AddToFavoriteButton /&gt; should render nothing when offer already in favorite" time="0.229">
    </testcase>
    <testcase classname="&lt;AddToFavoriteButton /&gt; should add favorite" name="&lt;AddToFavoriteButton /&gt; should add favorite" time="0.062">
    </testcase>
  </testsuite>
  <testsuite name="&lt;ResetPasswordEmailSent /&gt;" errors="0" failures="0" skipped="0" timestamp="2024-07-01T10:03:29" time="3.86" tests="4">
    <testcase classname="&lt;ResetPasswordEmailSent /&gt; should match snapshot" name="&lt;ResetPasswordEmailSent /&gt; should match snapshot" time="0.104">
    </testcase>
    <testcase classname="&lt;ResetPasswordEmailSent /&gt; should redirect to Login when clicking on &quot;Quitter&quot; button" name="&lt;ResetPasswordEmailSent /&gt; should redirect to Login when clicking on &quot;Quitter&quot; button" time="0.026">
    </testcase>
    <testcase classname="&lt;ResetPasswordEmailSent /&gt; should not show the button to open mail if no mail app is available" name="&lt;ResetPasswordEmailSent /&gt; should not show the button to open mail if no mail app is available" time="0.041">
    </testcase>
    <testcase classname="&lt;ResetPasswordEmailSent /&gt; should open mail app when clicking on check email button" name="&lt;ResetPasswordEmailSent /&gt; should open mail app when clicking on check email button" time="0.033">
    </testcase>
  </testsuite>
  <testsuite name="HomeLocationModal" errors="0" failures="0" skipped="0" timestamp="2024-07-01T10:03:30" time="4.124" tests="7">
    <testcase classname="HomeLocationModal should render correctly if modal visible" name="HomeLocationModal should render correctly if modal visible" time="0.226">
    </testcase>
    <testcase classname="HomeLocationModal should trigger logEvent &quot;logUserSetLocation&quot; on onSubmit" name="HomeLocationModal should trigger logEvent &quot;logUserSetLocation&quot; on onSubmit" time="0.3">
    </testcase>
    <testcase classname="HomeLocationModal should hide modal on close modal button press" name="HomeLocationModal should hide modal on close modal button press" time="0.14">
    </testcase>
    <testcase classname="HomeLocationModal should highlight geolocation button if geolocation is selected" name="HomeLocationModal should highlight geolocation button if geolocation is selected" time="0.07">
    </testcase>
    <testcase classname="HomeLocationModal should hide Géolocalisation désactivée if geolocation is enabled" name="HomeLocationModal should hide Géolocalisation désactivée if geolocation is enabled" time="0.059">
    </testcase>
    <testcase classname="HomeLocationModal should request geolocation if geolocation is denied and the geolocation button pressed" name="HomeLocationModal should request geolocation if geolocation is denied and the geolocation button pressed" time="0.045">
    </testcase>
    <testcase classname="HomeLocationModal should show geolocation modal if geolocation is never_ask_again on closing the modal after a geolocation button press" name="HomeLocationModal should show geolocation modal if geolocation is never_ask_again on closing the modal after a geolocation button press" time="0.128">
    </testcase>
  </testsuite>
  <testsuite name="&lt;SSOButton /&gt;" errors="0" failures="0" skipped="0" timestamp="2024-07-01T10:03:29" time="4.818" tests="7">
    <testcase classname="&lt;SSOButton /&gt; should not query auth state when FF is disabled" name="&lt;SSOButton /&gt; should not query auth state when FF is disabled" time="0.222">
    </testcase>
    <testcase classname="&lt;SSOButton /&gt; should sign in with device info when sso button is clicked" name="&lt;SSOButton /&gt; should sign in with device info when sso button is clicked" time="0.098">
    </testcase>
    <testcase classname="&lt;SSOButton /&gt; should call onSignInFailure when signin fails" name="&lt;SSOButton /&gt; should call onSignInFailure when signin fails" time="0.077">
    </testcase>
    <testcase classname="&lt;SSOButton /&gt; should log analytics when logging in with sso from signup" name="&lt;SSOButton /&gt; should log analytics when logging in with sso from signup" time="0.069">
    </testcase>
    <testcase classname="&lt;SSOButton /&gt; should log analytics when logging in with sso from login" name="&lt;SSOButton /&gt; should log analytics when logging in with sso from login" time="0.124">
    </testcase>
[...]
    </testcase>
    <testcase classname="getPastYears should handle startYear as a negative value" name="getPastYears should handle startYear as a negative value" time="0.001">
    </testcase>
  </testsuite>
  <testsuite name="getFavoriteDisplayPrice" errors="0" failures="0" skipped="0" timestamp="2024-07-01T10:04:09" time="0.948" tests="6">
    <testcase classname="getFavoriteDisplayPrice getFavoriteDisplayPrice({ price: undefined, startPrice: undefined }) 	= undefined" name="getFavoriteDisplayPrice getFavoriteDisplayPrice({ price: undefined, startPrice: undefined }) 	= undefined" time="0.002">
    </testcase>
    <testcase classname="getFavoriteDisplayPrice getFavoriteDisplayPrice({ price: null, startPrice: null }) 	= undefined" name="getFavoriteDisplayPrice getFavoriteDisplayPrice({ price: null, startPrice: null }) 	= undefined" time="0.001">
    </testcase>
    <testcase classname="getFavoriteDisplayPrice getFavoriteDisplayPrice({ price: 0, startPrice: null }) 	= Gratuit" name="getFavoriteDisplayPrice getFavoriteDisplayPrice({ price: 0, startPrice: null }) 	= Gratuit" time="0.002">
    </testcase>
    <testcase classname="getFavoriteDisplayPrice getFavoriteDisplayPrice({ price: 1000, startPrice: null }) 	= 10 €" name="getFavoriteDisplayPrice getFavoriteDisplayPrice({ price: 1000, startPrice: null }) 	= 10 €" time="0.002">
    </testcase>
    <testcase classname="getFavoriteDisplayPrice getFavoriteDisplayPrice({ price: null, startPrice: 0 }) 	= Dès 0 €" name="getFavoriteDisplayPrice getFavoriteDisplayPrice({ price: null, startPrice: 0 }) 	= Dès 0 €" time="0">
    </testcase>
    <testcase classname="getFavoriteDisplayPrice getFavoriteDisplayPrice({ price: null, startPrice: 1000 }) 	= Dès 10 €" name="getFavoriteDisplayPrice getFavoriteDisplayPrice({ price: null, startPrice: 1000 }) 	= Dès 10 €" time="0.001">
    </testcase>
  </testsuite>
  <testsuite name="useGetDefaultRegion" errors="0" failures="0" skipped="0" timestamp="2024-07-01T10:04:09" time="1.19" tests="1">
    <testcase classname="useGetDefaultRegion should return default region" name="useGetDefaultRegion should return default region" time="0.008">
    </testcase>
  </testsuite>
  <testsuite name="getCodePushId" errors="0" failures="0" skipped="0" timestamp="2024-07-01T10:04:10" time="0.943" tests="4">
    <testcase classname="getCodePushId should return empty string when there is no code push information" name="getCodePushId should return empty string when there is no code push information" time="0.002">
    </testcase>
    <testcase classname="getCodePushId should return code push label when there is code push information" name="getCodePushId should return code push label when there is code push information" time="0.001">
    </testcase>
    <testcase classname="getCodePushId should fetch metadata once" name="getCodePushId should fetch metadata once" time="0.001">
    </testcase>
    <testcase classname="getCodePushId should return empty string when there is an error" name="getCodePushId should return empty string when there is an error" time="0.005">
    </testcase>
  </testsuite>
  <testsuite name="startTrackingAcceptedCookies" errors="0" failures="0" skipped="0" timestamp="2024-07-01T10:04:10" time="1.023" tests="12">
    <testcase classname="startTrackingAcceptedCookies should disable tracking when refused all cookies" name="startTrackingAcceptedCookies should disable tracking when refused all cookies" time="0.009">
    </testcase>
    <testcase classname="startTrackingAcceptedCookies should enable tracking if accepted all cookies" name="startTrackingAcceptedCookies should enable tracking if accepted all cookies" time="0.001">
    </testcase>
    <testcase classname="startTrackingAcceptedCookies should enable Google Analytics when performance cookies are accepted" name="startTrackingAcceptedCookies should enable Google Analytics when performance cookies are accepted" time="0.004">
    </testcase>
    <testcase classname="startTrackingAcceptedCookies should enable Amplitude when performance cookies are accepted" name="startTrackingAcceptedCookies should enable Amplitude when performance cookies are accepted" time="0.036">
    </testcase>
    <testcase classname="startTrackingAcceptedCookies should init AppsFlyers when marketing cookies are accepted" name="startTrackingAcceptedCookies should init AppsFlyers when marketing cookies are accepted" time="0.003">
    </testcase>
    <testcase classname="startTrackingAcceptedCookies should enable AppsFlyers when marketing cookies are accepted" name="startTrackingAcceptedCookies should enable AppsFlyers when marketing cookies are accepted" time="0.002">
    </testcase>
    <testcase classname="startTrackingAcceptedCookies should enable Batch when customization cookies are accepted" name="startTrackingAcceptedCookies should enable Batch when customization cookies are accepted" time="0">
    </testcase>
    <testcase classname="startTrackingAcceptedCookies should disable Amplitude, Batch and Google Analytics when only marketing cookies are accepted" name="startTrackingAcceptedCookies should disable Amplitude, Batch and Google Analytics when only marketing cookies are accepted" time="0.002">
    </testcase>
    <testcase classname="startTrackingAcceptedCookies should not init AppsFlyers when marketing cookies are refused" name="startTrackingAcceptedCookies should not init AppsFlyers when marketing cookies are refused" time="0.005">
    </testcase>
    <testcase classname="startTrackingAcceptedCookies should disable AppsFlyers when marketing cookies are refused" name="startTrackingAcceptedCookies should disable AppsFlyers when marketing cookies are refused" time="0.001">
    </testcase>
    <testcase classname="startTrackingAcceptedCookies should remove generate algolia key from localStorage when refused algolia tracking (performance)" name="startTrackingAcceptedCookies should remove generate algolia key from localStorage when refused algolia tracking (performance)" time="0.001">
    </testcase>
    <testcase classname="startTrackingAcceptedCookies should remove generate UTM keys from localStorage when refused customization cookies" name="startTrackingAcceptedCookies should remove generate UTM keys from localStorage when refused customization cookies" time="0.007">
    </testcase>
  </testsuite>
  <testsuite name="extractStockDates" errors="0" failures="0" skipped="0" timestamp="2024-07-01T10:04:10" time="1.332" tests="3">
    <testcase classname="extractStockDates should return an empty array for an offer without stocks" name="extractStockDates should return an empty array for an offer without stocks" time="0.002">
    </testcase>
    <testcase classname="extractStockDates should return an array of dates for an offer with stocks" name="extractStockDates should return an array of dates for an offer with stocks" time="0.001">
    </testcase>
    <testcase classname="extractStockDates should skip stocks without beginningDatetime" name="extractStockDates should skip stocks without beginningDatetime" time="0">
    </testcase>
  </testsuite>
  <testsuite name="[method] maintenanceStatus" errors="0" failures="0" skipped="0" timestamp="2024-07-01T10:04:10" time="1.233" tests="6">
    <testcase classname="[method] maintenanceStatus should set up listener to the maintenance feature flag" name="[method] maintenanceStatus should set up listener to the maintenance feature flag" time="0.001">
    </testcase>
    <testcase classname="[method] maintenanceStatus should set message when maintenance is on" name="[method] maintenanceStatus should set message when maintenance is on" time="0">
    </testcase>
    <testcase classname="[method] maintenanceStatus should ignore the message when maintenance is off" name="[method] maintenanceStatus should ignore the message when maintenance is off" time="0.002">
    </testcase>
    <testcase classname="[method] maintenanceStatus when something goes wrong in firebase should ignore the data when data is wrong" name="[method] maintenanceStatus when something goes wrong in firebase should ignore the data when data is wrong" time="0.005">
    </testcase>
    <testcase classname="[method] maintenanceStatus when something goes wrong in firebase should ignore the data when maintenanceIsOn is wrong" name="[method] maintenanceStatus when something goes wrong in firebase should ignore the data when maintenanceIsOn is wrong" time="0">
    </testcase>
    <testcase classname="[method] maintenanceStatus when something goes wrong in firebase should use default message when message is wrong" name="[method] maintenanceStatus when something goes wrong in firebase should use default message when message is wrong" time="0.01">
    </testcase>
  </testsuite>
  <testsuite name="formatDistance" errors="0" failures="0" skipped="0" timestamp="2024-07-01T10:04:11" time="1.069" tests="8">
    <testcase classname="formatDistance getHumanizeRelativeDistance(7.3) 	= 7 m" name="formatDistance getHumanizeRelativeDistance(7.3) 	= 7 m" time="0.001">
    </testcase>
    <testcase classname="formatDistance getHumanizeRelativeDistance(14.6) 	= 15 m" name="formatDistance getHumanizeRelativeDistance(14.6) 	= 15 m" time="0">
    </testcase>
    <testcase classname="formatDistance getHumanizeRelativeDistance(73.2) 	= 75 m" name="formatDistance getHumanizeRelativeDistance(73.2) 	= 75 m" time="0.002">
    </testcase>
    <testcase classname="formatDistance getHumanizeRelativeDistance(146.4) 	= 150 m" name="formatDistance getHumanizeRelativeDistance(146.4) 	= 150 m" time="0.001">
    </testcase>
    <testcase classname="formatDistance getHumanizeRelativeDistance(2.9276) 	= 2,9 km" name="formatDistance getHumanizeRelativeDistance(2.9276) 	= 2,9 km" time="0">
    </testcase>
    <testcase classname="formatDistance getHumanizeRelativeDistance(7.3191) 	= 7 km" name="formatDistance getHumanizeRelativeDistance(7.3191) 	= 7 km" time="0">
    </testcase>
    <testcase classname="formatDistance getHumanizeRelativeDistance(6739.1826) 	= 900+ km" name="formatDistance getHumanizeRelativeDistance(6739.1826) 	= 900+ km" time="0.001">
    </testcase>
    <testcase classname="formatDistance should return undefined if we can&apos;t have the user&apos;s position" name="formatDistance should return undefined if we can&apos;t have the user&apos;s position" time="0.001">
    </testcase>
  </testsuite>
  <testsuite name="useDistance()" errors="0" failures="0" skipped="0" timestamp="2024-07-01T10:04:11" time="0.839" tests="5">
    <testcase classname="useDistance() should call useLocation and formatDistance when geolocation is on" name="useDistance() should call useLocation and formatDistance when geolocation is on" time="0.002">
    </testcase>
    <testcase classname="useDistance() should return undefined when no offerPosition given" name="useDistance() should return undefined when no offerPosition given" time="0.001">
    </testcase>
    <testcase classname="useDistance() should return undefined when user position and custom position are null" name="useDistance() should return undefined when user position and custom position are null" time="0.004">
    </testcase>
    <testcase classname="useDistance() should return undefined when custom position is defined and type is municipality" name="useDistance() should return undefined when custom position is defined and type is municipality" time="0.002">
    </testcase>
    <testcase classname="useDistance() should call useLocation and formatDistance when user have a custom position and type is housnumber" name="useDistance() should call useLocation and formatDistance when user have a custom position and type is housnumber" time="0.007">
    </testcase>
  </testsuite>
  <testsuite name="useShowSkeleton" errors="0" failures="0" skipped="0" timestamp="2024-07-01T10:04:11" time="1.105" tests="1">
    <testcase classname="useShowSkeleton should show skeleton when fetching data on load" name="useShowSkeleton should show skeleton when fetching data on load" time="0.019">
    </testcase>
  </testsuite>
  <testsuite name="checkGeolocPermission()" errors="0" failures="0" skipped="0" timestamp="2024-07-01T10:04:11" time="0.995" tests="5">
    <testcase classname="checkGeolocPermission() should return granted when permissionResult=granted" name="checkGeolocPermission() should return granted when permissionResult=granted" time="0.001">
    </testcase>
    <testcase classname="checkGeolocPermission() should return denied when permissionResult=denied" name="checkGeolocPermission() should return denied when permissionResult=denied" time="0">
    </testcase>
    <testcase classname="checkGeolocPermission() should return never_ask_again when permissionResult=blocked" name="checkGeolocPermission() should return never_ask_again when permissionResult=blocked" time="0.001">
    </testcase>
    <testcase classname="checkGeolocPermission() should return never_ask_again when permissionResult=unavailable" name="checkGeolocPermission() should return never_ask_again when permissionResult=unavailable" time="0.001">
    </testcase>
    <testcase classname="checkGeolocPermission() should return never_ask_again when permissionResult=limited" name="checkGeolocPermission() should return never_ask_again when permissionResult=limited" time="0.001">
    </testcase>
  </testsuite>
  <testsuite name="getOfferImageUrls" errors="0" failures="0" skipped="0" timestamp="2024-07-01T10:04:11" time="0.926" tests="2">
    <testcase classname="getOfferImageUrls should return an empty array when images object is empty" name="getOfferImageUrls should return an empty array when images object is empty" time="0.002">
    </testcase>
    <testcase classname="getOfferImageUrls should return an array of image URLs" name="getOfferImageUrls should return an array of image URLs" time="0.001">
    </testcase>
  </testsuite>
  <testsuite name="setEmailSchema" errors="0" failures="0" skipped="0" timestamp="2024-07-01T10:04:11" time="1.008" tests="3">
    <testcase classname="setEmailSchema should reject when no email" name="setEmailSchema should reject when no email" time="0.002">
    </testcase>
    <testcase classname="setEmailSchema should resolve when email is valid and marketing opt-in is checked" name="setEmailSchema should resolve when email is valid and marketing opt-in is checked" time="0.006">
    </testcase>
    <testcase classname="setEmailSchema should resolve when email is valid and marketing opt-in is not checked" name="setEmailSchema should resolve when email is valid and marketing opt-in is not checked" time="0.001">
    </testcase>
  </testsuite>
  <testsuite name="isAppUrl" errors="0" failures="0" skipped="0" timestamp="2024-07-01T10:04:12" time="1.015" tests="2">
    <testcase classname="isAppUrl should return false if url does not start with linking prefixes" name="isAppUrl should return false if url does not start with linking prefixes" time="0.001">
    </testcase>
    <testcase classname="isAppUrl should return true if url starts with linking prefixes" name="isAppUrl should return true if url starts with linking prefixes" time="0.001">
    </testcase>
  </testsuite>
  <testsuite name="getSearchVenuePlaylistTitle" errors="0" failures="0" skipped="0" timestamp="2024-07-01T10:04:12" time="1.015" tests="6">
    <testcase classname="getSearchVenuePlaylistTitle getSearchVenuePlaylistTitle(Les salles de concerts &amp; festivals,true) 	= Les salles de concerts &amp; festivals accessibles" name="getSearchVenuePlaylistTitle getSearchVenuePlaylistTitle(Les salles de concerts &amp; festivals,true) 	= Les salles de concerts &amp; festivals accessibles" time="0.002">
    </testcase>
    <testcase classname="getSearchVenuePlaylistTitle getSearchVenuePlaylistTitle(Les salles de concerts &amp; festivals,false) 	= Les salles de concerts &amp; festivals" name="getSearchVenuePlaylistTitle getSearchVenuePlaylistTitle(Les salles de concerts &amp; festivals,false) 	= Les salles de concerts &amp; festivals" time="0">
    </testcase>
    <testcase classname="getSearchVenuePlaylistTitle getSearchVenuePlaylistTitle(Les librairies près de toi,true) 	= Les librairies accessibles près de toi" name="getSearchVenuePlaylistTitle getSearchVenuePlaylistTitle(Les librairies près de toi,true) 	= Les librairies accessibles près de toi" time="0.001">
    </testcase>
    <testcase classname="getSearchVenuePlaylistTitle getSearchVenuePlaylistTitle(Les librairies près de toi,false) 	= Les librairies près de toi" name="getSearchVenuePlaylistTitle getSearchVenuePlaylistTitle(Les librairies près de toi,false) 	= Les librairies près de toi" time="0.001">
    </testcase>
    <testcase classname="getSearchVenuePlaylistTitle getSearchVenuePlaylistTitle(undefined,true) 	= Les lieux culturels accessibles" name="getSearchVenuePlaylistTitle getSearchVenuePlaylistTitle(undefined,true) 	= Les lieux culturels accessibles" time="0.001">
    </testcase>
    <testcase classname="getSearchVenuePlaylistTitle getSearchVenuePlaylistTitle(undefined,false) 	= Les lieux culturels" name="getSearchVenuePlaylistTitle getSearchVenuePlaylistTitle(undefined,false) 	= Les lieux culturels" time="0.002">
    </testcase>
  </testsuite>
  <testsuite name="startTracking" errors="0" failures="0" skipped="0" timestamp="2024-07-01T10:04:12" time="0.889" tests="2">
    <testcase classname="startTracking should disable tracking if enabled = false" name="startTracking should disable tracking if enabled = false" time="0.002">
    </testcase>
    <testcase classname="startTracking should enable tracking if enabled = true" name="startTracking should enable tracking if enabled = true" time="0.001">
    </testcase>
  </testsuite>
  <testsuite name="buildFilters" errors="0" failures="0" skipped="0" timestamp="2024-07-01T10:04:12" time="0.968" tests="3">
    <testcase classname="buildFilters without filter should return an object if no parameters are passed" name="buildFilters without filter should return an object if no parameters are passed" time="0.002">
    </testcase>
    <testcase classname="buildFilters with filter excludedObjectIds should return filters that excludes objectID when excludedObjectIds is not empty" name="buildFilters with filter excludedObjectIds should return filters that excludes objectID when excludedObjectIds is not empty" time="0.001">
    </testcase>
    <testcase classname="buildFilters with filter excludedObjectIds should return filters that excludes objectID when excludedObjectIds is empty" name="buildFilters with filter excludedObjectIds should return filters that excludes objectID when excludedObjectIds is empty" time="0">
    </testcase>
  </testsuite>
  <testsuite name="accessibleRadioProps" errors="0" failures="0" skipped="0" timestamp="2024-07-01T10:04:12" time="1.035" tests="2">
    <testcase classname="accessibleRadioProps should return accessibility props with state in native" name="accessibleRadioProps should return accessibility props with state in native" time="0.003">
    </testcase>
    <testcase classname="accessibleRadioProps should return accessibility props with state in native" name="accessibleRadioProps should return accessibility props with state in native" time="0">
    </testcase>
  </testsuite>
  <testsuite name="getTagColor" errors="0" failures="0" skipped="0" timestamp="2024-07-01T10:04:13" time="0.825" tests="3">
    <testcase classname="getTagColor should return white for GONE status" name="getTagColor should return white for GONE status" time="0.001">
    </testcase>
    <testcase classname="getTagColor should return green for ONGOING status" name="getTagColor should return green for ONGOING status" time="0">
    </testcase>
    <testcase classname="getTagColor should return secondary for COMING status" name="getTagColor should return secondary for COMING status" time="0">
    </testcase>
  </testsuite>
</testsuites>