<?xml version="1.0" encoding="UTF-8"?>
<testsuites name="jest tests" tests="831" failures="0" errors="0" time="55.886">
  <testsuite name="no-raw-text" errors="0" failures="0" skipped="0" timestamp="2024-03-27T08:58:25" time="6.661" tests="38">
    <testcase classname="no-raw-text valid &lt;Text&gt;toto&lt;/Text&gt;" name="no-raw-text valid &lt;Text&gt;toto&lt;/Text&gt;" time="4.363">
    </testcase>
    <testcase classname="no-raw-text valid &lt;Typo.Hero&gt;toto&lt;/Typo.Hero&gt;" name="no-raw-text valid &lt;Typo.Hero&gt;toto&lt;/Typo.Hero&gt;" time="0.005">
    </testcase>
    <testcase classname="no-raw-text valid &lt;Typo.Title1&gt;toto&lt;/Typo.Title1&gt;" name="no-raw-text valid &lt;Typo.Title1&gt;toto&lt;/Typo.Title1&gt;" time="0.006">
    </testcase>
    <testcase classname="no-raw-text valid &lt;Typo.Title2&gt;toto&lt;/Typo.Title2&gt;" name="no-raw-text valid &lt;Typo.Title2&gt;toto&lt;/Typo.Title2&gt;" time="0.006">
    </testcase>
    <testcase classname="no-raw-text valid &lt;Typo.Title3&gt;toto&lt;/Typo.Title3&gt;" name="no-raw-text valid &lt;Typo.Title3&gt;toto&lt;/Typo.Title3&gt;" time="0.004">
    </testcase>
    <testcase classname="no-raw-text valid &lt;Typo.Title4&gt;toto&lt;/Typo.Title4&gt;" name="no-raw-text valid &lt;Typo.Title4&gt;toto&lt;/Typo.Title4&gt;" time="0.006">
    </testcase>
    <testcase classname="no-raw-text valid &lt;Typo.ButtonText&gt;toto&lt;/Typo.ButtonText&gt;" name="no-raw-text valid &lt;Typo.ButtonText&gt;toto&lt;/Typo.ButtonText&gt;" time="0.007">
    </testcase>
    <testcase classname="no-raw-text valid &lt;Typo.ButtonTextNeutralInfo&gt;toto&lt;/Typo.ButtonTextNeutralInfo&gt;" name="no-raw-text valid &lt;Typo.ButtonTextNeutralInfo&gt;toto&lt;/Typo.ButtonTextNeutralInfo&gt;" time="0.005">
    </testcase>
    <testcase classname="no-raw-text valid &lt;Typo.ButtonTextPrimary&gt;toto&lt;/Typo.ButtonTextPrimary&gt;" name="no-raw-text valid &lt;Typo.ButtonTextPrimary&gt;toto&lt;/Typo.ButtonTextPrimary&gt;" time="0.008">
    </testcase>
    <testcase classname="no-raw-text valid &lt;Typo.ButtonTextSecondary&gt;toto&lt;/Typo.ButtonTextSecondary&gt;" name="no-raw-text valid &lt;Typo.ButtonTextSecondary&gt;toto&lt;/Typo.ButtonTextSecondary&gt;" time="0.003">
    </testcase>
    <testcase classname="no-raw-text valid &lt;Typo.Body&gt;toto&lt;/Typo.Body&gt;" name="no-raw-text valid &lt;Typo.Body&gt;toto&lt;/Typo.Body&gt;" time="0.008">
    </testcase>
    <testcase classname="no-raw-text valid &lt;Typo.Caption&gt;toto&lt;/Typo.Caption&gt;" name="no-raw-text valid &lt;Typo.Caption&gt;toto&lt;/Typo.Caption&gt;" time="0.008">
    </testcase>
    <testcase classname="no-raw-text valid &lt;Typo.CaptionPrimary&gt;toto&lt;/Typo.CaptionPrimary&gt;" name="no-raw-text valid &lt;Typo.CaptionPrimary&gt;toto&lt;/Typo.CaptionPrimary&gt;" time="0.009">
    </testcase>
    <testcase classname="no-raw-text valid &lt;Typo.CaptionSecondary&gt;toto&lt;/Typo.CaptionSecondary&gt;" name="no-raw-text valid &lt;Typo.CaptionSecondary&gt;toto&lt;/Typo.CaptionSecondary&gt;" time="0.006">
    </testcase>
    <testcase classname="no-raw-text valid &lt;StyledHero&gt;toto&lt;/StyledHero&gt;" name="no-raw-text valid &lt;StyledHero&gt;toto&lt;/StyledHero&gt;" time="0.003">
    </testcase>
    <testcase classname="no-raw-text valid &lt;StyledTitle1&gt;toto&lt;/StyledTitle1&gt;" name="no-raw-text valid &lt;StyledTitle1&gt;toto&lt;/StyledTitle1&gt;" time="0.004">
    </testcase>
    <testcase classname="no-raw-text valid &lt;StyledTitle2&gt;toto&lt;/StyledTitle2&gt;" name="no-raw-text valid &lt;StyledTitle2&gt;toto&lt;/StyledTitle2&gt;" time="0.003">
    </testcase>
    <testcase classname="no-raw-text valid &lt;StyledTitle3&gt;toto&lt;/StyledTitle3&gt;" name="no-raw-text valid &lt;StyledTitle3&gt;toto&lt;/StyledTitle3&gt;" time="0.002">
    </testcase>
    <testcase classname="no-raw-text valid &lt;StyledTitle4&gt;toto&lt;/StyledTitle4&gt;" name="no-raw-text valid &lt;StyledTitle4&gt;toto&lt;/StyledTitle4&gt;" time="0.002">
    </testcase>
    <testcase classname="no-raw-text valid &lt;StyledButtonText&gt;toto&lt;/StyledButtonText&gt;" name="no-raw-text valid &lt;StyledButtonText&gt;toto&lt;/StyledButtonText&gt;" time="0.002">
    </testcase>
    <testcase classname="no-raw-text valid &lt;StyledButtonTextNeutralInfo&gt;toto&lt;/StyledButtonTextNeutralInfo&gt;" name="no-raw-text valid &lt;StyledButtonTextNeutralInfo&gt;toto&lt;/StyledButtonTextNeutralInfo&gt;" time="0.002">
    </testcase>
    <testcase classname="no-raw-text valid &lt;StyledButtonTextPrimary&gt;toto&lt;/StyledButtonTextPrimary&gt;" name="no-raw-text valid &lt;StyledButtonTextPrimary&gt;toto&lt;/StyledButtonTextPrimary&gt;" time="0.004">
    </testcase>
    <testcase classname="no-raw-text valid &lt;StyledButtonTextSecondary&gt;toto&lt;/StyledButtonTextSecondary&gt;" name="no-raw-text valid &lt;StyledButtonTextSecondary&gt;toto&lt;/StyledButtonTextSecondary&gt;" time="0.001">
    </testcase>
    <testcase classname="no-raw-text valid &lt;StyledBody&gt;toto&lt;/StyledBody&gt;" name="no-raw-text valid &lt;StyledBody&gt;toto&lt;/StyledBody&gt;" time="0.003">
    </testcase>
    <testcase classname="no-raw-text valid &lt;StyledCaption&gt;toto&lt;/StyledCaption&gt;" name="no-raw-text valid &lt;StyledCaption&gt;toto&lt;/StyledCaption&gt;" time="0.001">
    </testcase>
    <testcase classname="no-raw-text valid &lt;StyledCaptionNeutralInfo&gt;toto&lt;/StyledCaptionNeutralInfo&gt;" name="no-raw-text valid &lt;StyledCaptionNeutralInfo&gt;toto&lt;/StyledCaptionNeutralInfo&gt;" time="0.002">
    </testcase>
    <testcase classname="no-raw-text valid &lt;StyledCaptionPrimary&gt;toto&lt;/StyledCaptionPrimary&gt;" name="no-raw-text valid &lt;StyledCaptionPrimary&gt;toto&lt;/StyledCaptionPrimary&gt;" time="0.002">
    </testcase>
    <testcase classname="no-raw-text valid &lt;StyledCaptionSecondary&gt;toto&lt;/StyledCaptionSecondary&gt;" name="no-raw-text valid &lt;StyledCaptionSecondary&gt;toto&lt;/StyledCaptionSecondary&gt;" time="0.008">
    </testcase>
    <testcase classname="no-raw-text valid &lt;CustomText&gt;toto&lt;/CustomText&gt;" name="no-raw-text valid &lt;CustomText&gt;toto&lt;/CustomText&gt;" time="0.004">
    </testcase>
    <testcase classname="no-raw-text valid &lt;TrucText&gt;toto&lt;/TrucText&gt;" name="no-raw-text valid &lt;TrucText&gt;toto&lt;/TrucText&gt;" time="0.003">
    </testcase>
    <testcase classname="no-raw-text valid &lt;React.Fragment&gt;
    &lt;Text&gt;toto&lt;/Text&gt;
    &lt;/React.Fragment&gt;" name="no-raw-text valid &lt;React.Fragment&gt;
    &lt;Text&gt;toto&lt;/Text&gt;
    &lt;/React.Fragment&gt;" time="0.002">
    </testcase>
    <testcase classname="no-raw-text valid &lt;CustomTag&gt;
    &lt;Text&gt;toto&lt;/Text&gt;
    &lt;/CustomTag&gt;" name="no-raw-text valid &lt;CustomTag&gt;
    &lt;Text&gt;toto&lt;/Text&gt;
    &lt;/CustomTag&gt;" time="0.004">
    </testcase>
    <testcase classname="no-raw-text invalid &lt;View&gt;toto&lt;/View&gt;" name="no-raw-text invalid &lt;View&gt;toto&lt;/View&gt;" time="0.007">
    </testcase>
    <testcase classname="no-raw-text invalid &lt;Button&gt;toto&lt;/Button&gt;" name="no-raw-text invalid &lt;Button&gt;toto&lt;/Button&gt;" time="0.004">
    </testcase>
    <testcase classname="no-raw-text invalid &lt;TextInput&gt;toto&lt;/TextInput&gt;" name="no-raw-text invalid &lt;TextInput&gt;toto&lt;/TextInput&gt;" time="0.003">
    </testcase>
    <testcase classname="no-raw-text invalid &lt;TextTruc&gt;toto&lt;/TextTruc&gt;" name="no-raw-text invalid &lt;TextTruc&gt;toto&lt;/TextTruc&gt;" time="0.002">
    </testcase>
    <testcase classname="no-raw-text invalid &lt;StyledTruc&gt;toto&lt;/StyledTruc&gt;" name="no-raw-text invalid &lt;StyledTruc&gt;toto&lt;/StyledTruc&gt;" time="0.002">
    </testcase>
    <testcase classname="no-raw-text invalid &lt;StyldBody&gt;toto&lt;/StyldBody&gt;" name="no-raw-text invalid &lt;StyldBody&gt;toto&lt;/StyldBody&gt;" time="0.004">
    </testcase>
  </testsuite>
  <testsuite name="&lt;ChangeEmail/&gt;" errors="0" failures="0" skipped="0" timestamp="2024-03-27T08:58:25" time="6.735" tests="26">
    <testcase classname="&lt;ChangeEmail/&gt; should render correctly" name="&lt;ChangeEmail/&gt; should render correctly" time="0.277">
    </testcase>
    <testcase classname="&lt;ChangeEmail/&gt; should not display the update app banner when FF (disableOldChangeEmail) is disabled" name="&lt;ChangeEmail/&gt; should not display the update app banner when FF (disableOldChangeEmail) is disabled" time="0.082">
    </testcase>
    <testcase classname="&lt;ChangeEmail/&gt; should show email suggestion" name="&lt;ChangeEmail/&gt; should show email suggestion" time="0.125">
    </testcase>
    <testcase classname="&lt;ChangeEmail/&gt; email change already in progress should render correctly" name="&lt;ChangeEmail/&gt; email change already in progress should render correctly" time="0.054">
    </testcase>
    <testcase classname="&lt;ChangeEmail/&gt; email change already in progress should log analytics" name="&lt;ChangeEmail/&gt; email change already in progress should log analytics" time="0.039">
    </testcase>
    <testcase classname="&lt;ChangeEmail/&gt; submit button should be disabled by default" name="&lt;ChangeEmail/&gt; submit button should be disabled by default" time="0.046">
    </testcase>
    <testcase classname="&lt;ChangeEmail/&gt; submit button should be enabled when form is valid" name="&lt;ChangeEmail/&gt; submit button should be enabled when form is valid" time="0.082">
    </testcase>
    <testcase classname="&lt;ChangeEmail/&gt; submit button should be disabled when form is invalid" name="&lt;ChangeEmail/&gt; submit button should be disabled when form is invalid" time="0.281">
    </testcase>
    <testcase classname="&lt;ChangeEmail/&gt; submit button should be disabled when form is invalid" name="&lt;ChangeEmail/&gt; submit button should be disabled when form is invalid" time="0.059">
    </testcase>
    <testcase classname="&lt;ChangeEmail/&gt; submit button should be disabled when form is invalid" name="&lt;ChangeEmail/&gt; submit button should be disabled when form is invalid" time="0.098">
    </testcase>
    <testcase classname="&lt;ChangeEmail/&gt; When email change succeeds should navigate to Profile" name="&lt;ChangeEmail/&gt; When email change succeeds should navigate to Profile" time="0.129">
    </testcase>
    <testcase classname="&lt;ChangeEmail/&gt; When email change succeeds should show success snackbar" name="&lt;ChangeEmail/&gt; When email change succeeds should show success snackbar" time="0.078">
    </testcase>
    <testcase classname="&lt;ChangeEmail/&gt; When email change succeeds should log analytics" name="&lt;ChangeEmail/&gt; When email change succeeds should log analytics" time="0.086">
    </testcase>
    <testcase classname="&lt;ChangeEmail/&gt; should display &quot;same email&quot; error if I entered the same email (case insensitive)" name="&lt;ChangeEmail/&gt; should display &quot;same email&quot; error if I entered the same email (case insensitive)" time="0.048">
    </testcase>
    <testcase classname="&lt;ChangeEmail/&gt; When user gives wrong password should not navigate" name="&lt;ChangeEmail/&gt; When user gives wrong password should not navigate" time="0.086">
    </testcase>
    <testcase classname="&lt;ChangeEmail/&gt; When user gives wrong password should show error message" name="&lt;ChangeEmail/&gt; When user gives wrong password should show error message" time="0.09">
    </testcase>
    <testcase classname="&lt;ChangeEmail/&gt; When user gives wrong password should log analytics" name="&lt;ChangeEmail/&gt; When user gives wrong password should log analytics" time="0.09">
    </testcase>
    <testcase classname="&lt;ChangeEmail/&gt; When user has reached attempts limit should not navigate" name="&lt;ChangeEmail/&gt; When user has reached attempts limit should not navigate" time="0.085">
    </testcase>
    <testcase classname="&lt;ChangeEmail/&gt; When user has reached attempts limit should show the generic error message" name="&lt;ChangeEmail/&gt; When user has reached attempts limit should show the generic error message" time="0.141">
    </testcase>
    <testcase classname="&lt;ChangeEmail/&gt; When user has reached attempts limit should log analytics" name="&lt;ChangeEmail/&gt; When user has reached attempts limit should log analytics" time="0.069">
    </testcase>
    <testcase classname="&lt;ChangeEmail/&gt; when FF disableOldChangeEmail is active and FF enableNewChangeEmail is inactive should display the update app banner" name="&lt;ChangeEmail/&gt; when FF disableOldChangeEmail is active and FF enableNewChangeEmail is inactive should display the update app banner" time="0.033">
    </testcase>
    <testcase classname="&lt;ChangeEmail/&gt; when FF disableOldChangeEmail is active and FF enableNewChangeEmail is inactive should disable the email input" name="&lt;ChangeEmail/&gt; when FF disableOldChangeEmail is active and FF enableNewChangeEmail is inactive should disable the email input" time="0.032">
    </testcase>
    <testcase classname="&lt;ChangeEmail/&gt; when FF disableOldChangeEmail is active and FF enableNewChangeEmail is inactive should disable the password input" name="&lt;ChangeEmail/&gt; when FF disableOldChangeEmail is active and FF enableNewChangeEmail is inactive should disable the password input" time="0.03">
    </testcase>
    <testcase classname="&lt;ChangeEmail/&gt; when FF disableOldChangeEmail is active and FF enableNewChangeEmail is inactive should disable the submit button when form is valid" name="&lt;ChangeEmail/&gt; when FF disableOldChangeEmail is active and FF enableNewChangeEmail is inactive should disable the submit button when form is valid" time="0.042">
    </testcase>
    <testcase classname="&lt;ChangeEmail/&gt; when FF enableNewChangeEmail is active and FF disableOldChangeEmail is disabled should display the change email label" name="&lt;ChangeEmail/&gt; when FF enableNewChangeEmail is active and FF disableOldChangeEmail is disabled should display the change email label" time="0.032">
    </testcase>
    <testcase classname="&lt;ChangeEmail/&gt; when FF enableNewChangeEmail is active and FF disableOldChangeEmail is disabled should display the email input" name="&lt;ChangeEmail/&gt; when FF enableNewChangeEmail is active and FF disableOldChangeEmail is disabled should display the email input" time="0.04">
    </testcase>
  </testsuite>
  <testsuite name="&lt;OnGoingBookingsList /&gt; - Analytics" errors="0" failures="0" skipped="0" timestamp="2024-03-27T08:58:25" time="7.881" tests="6">
    <testcase classname="&lt;OnGoingBookingsList /&gt; - Analytics offline should allow pull to refetch when netInfo.isConnected &amp;&amp; netInfo.isInternetReachable" name="&lt;OnGoingBookingsList /&gt; - Analytics offline should allow pull to refetch when netInfo.isConnected &amp;&amp; netInfo.isInternetReachable" time="0.065">
    </testcase>
    <testcase classname="&lt;OnGoingBookingsList /&gt; - Analytics offline should show snack bar error when trying to pull to refetch with message &quot;Impossible de recharger tes réservations, connecte-toi à internet pour réessayer.&quot;" name="&lt;OnGoingBookingsList /&gt; - Analytics offline should show snack bar error when trying to pull to refetch with message &quot;Impossible de recharger tes réservations, connecte-toi à internet pour réessayer.&quot;" time="0.012">
    </testcase>
    <testcase classname="&lt;OnGoingBookingsList /&gt; - Analytics displays the placeholder when bookings are loading" name="&lt;OnGoingBookingsList /&gt; - Analytics displays the placeholder when bookings are loading" time="0.152">
    </testcase>
    <testcase classname="&lt;OnGoingBookingsList /&gt; - Analytics displays the placeholder when subcategories are loading" name="&lt;OnGoingBookingsList /&gt; - Analytics displays the placeholder when subcategories are loading" time="0.117">
    </testcase>
    <testcase classname="&lt;OnGoingBookingsList /&gt; - Analytics should trigger logEvent &quot;BookingsScrolledToBottom&quot; when reaching the end" name="&lt;OnGoingBookingsList /&gt; - Analytics should trigger logEvent &quot;BookingsScrolledToBottom&quot; when reaching the end" time="0.031">
    </testcase>
    <testcase classname="&lt;OnGoingBookingsList /&gt; - Analytics should trigger logEvent &quot;BookingsScrolledToBottom&quot; only once" name="&lt;OnGoingBookingsList /&gt; - Analytics should trigger logEvent &quot;BookingsScrolledToBottom&quot; only once" time="0.016">
    </testcase>
  </testsuite>
  <testsuite name="&lt;ProfileTutorialAgeInformation /&gt;" errors="0" failures="0" skipped="0" timestamp="2024-03-27T08:58:25" time="8.035" tests="13">
    <testcase classname="&lt;ProfileTutorialAgeInformation /&gt; should render correctly when logged in at 15" name="&lt;ProfileTutorialAgeInformation /&gt; should render correctly when logged in at 15" time="0.176">
    </testcase>
    <testcase classname="&lt;ProfileTutorialAgeInformation /&gt; should display 16 timeline when logged in at 16" name="&lt;ProfileTutorialAgeInformation /&gt; should display 16 timeline when logged in at 16" time="0.07">
    </testcase>
    <testcase classname="&lt;ProfileTutorialAgeInformation /&gt; should display 17 timeline when logged in at 17" name="&lt;ProfileTutorialAgeInformation /&gt; should display 17 timeline when logged in at 17" time="0.076">
    </testcase>
    <testcase classname="&lt;ProfileTutorialAgeInformation /&gt; should display 18 timeline when logged in at 18" name="&lt;ProfileTutorialAgeInformation /&gt; should display 18 timeline when logged in at 18" time="0.041">
    </testcase>
    <testcase classname="&lt;ProfileTutorialAgeInformation /&gt; should display that the user has activated credit at 15 when logged in at 16" name="&lt;ProfileTutorialAgeInformation /&gt; should display that the user has activated credit at 15 when logged in at 16" time="0.07">
    </testcase>
    <testcase classname="&lt;ProfileTutorialAgeInformation /&gt; should display that the user couldn‘t have 15 credit if more than 15 years old" name="&lt;ProfileTutorialAgeInformation /&gt; should display that the user couldn‘t have 15 credit if more than 15 years old" time="0.053">
    </testcase>
    <testcase classname="&lt;ProfileTutorialAgeInformation /&gt; should display that the user couldn‘t have 17 credit if more than 17 years old" name="&lt;ProfileTutorialAgeInformation /&gt; should display that the user couldn‘t have 17 credit if more than 17 years old" time="0.036">
    </testcase>
    <testcase classname="&lt;ProfileTutorialAgeInformation /&gt; should display that the user couldn‘t have 15 or 16 credit if more than 16 years old" name="&lt;ProfileTutorialAgeInformation /&gt; should display that the user couldn‘t have 15 or 16 credit if more than 16 years old" time="0.042">
    </testcase>
    <testcase classname="&lt;ProfileTutorialAgeInformation /&gt; should display not logged in version when user is not loggedIn" name="&lt;ProfileTutorialAgeInformation /&gt; should display not logged in version when user is not loggedIn" time="0.054">
    </testcase>
    <testcase classname="&lt;ProfileTutorialAgeInformation /&gt; should open questionnaire when pressing on &apos;Donner mon avis&apos;" name="&lt;ProfileTutorialAgeInformation /&gt; should open questionnaire when pressing on &apos;Donner mon avis&apos;" time="0.039">
    </testcase>
    <testcase classname="&lt;ProfileTutorialAgeInformation /&gt; should display verify eligibility when user is eligible" name="&lt;ProfileTutorialAgeInformation /&gt; should display verify eligibility when user is eligible" time="0.034">
    </testcase>
    <testcase classname="&lt;ProfileTutorialAgeInformation /&gt; should log to analytics when pressing &apos;Se connecter&apos;" name="&lt;ProfileTutorialAgeInformation /&gt; should log to analytics when pressing &apos;Se connecter&apos;" time="0.048">
    </testcase>
    <testcase classname="&lt;ProfileTutorialAgeInformation /&gt; should log to analytics when pressing &apos;Créer un compte&apos;" name="&lt;ProfileTutorialAgeInformation /&gt; should log to analytics when pressing &apos;Créer un compte&apos;" time="0.049">
    </testcase>
  </testsuite>
  <testsuite name="&lt;DeeplinksGeneratorForm /&gt;" errors="0" failures="0" skipped="0" timestamp="2024-03-27T08:58:25" time="8.119" tests="11">
    <testcase classname="&lt;DeeplinksGeneratorForm /&gt; should render deeplink generator form with marketing as default utm_gen" name="&lt;DeeplinksGeneratorForm /&gt; should render deeplink generator form with marketing as default utm_gen" time="0.258">
    </testcase>
    <testcase classname="&lt;DeeplinksGeneratorForm /&gt; should create url with utm params" name="&lt;DeeplinksGeneratorForm /&gt; should create url with utm params" time="0.188">
    </testcase>
    <testcase classname="&lt;DeeplinksGeneratorForm /&gt; should add showResults param when the user generate a search link" name="&lt;DeeplinksGeneratorForm /&gt; should add showResults param when the user generate a search link" time="0.184">
    </testcase>
    <testcase classname="&lt;DeeplinksGeneratorForm /&gt; should remove subcategory param when the user change the category and generate a search link" name="&lt;DeeplinksGeneratorForm /&gt; should remove subcategory param when the user change the category and generate a search link" time="0.281">
    </testcase>
    <testcase classname="getDefaultScreenParams should return an object with view, locationFilter, noFocus, from params when screen is Search" name="getDefaultScreenParams should return an object with view, locationFilter, noFocus, from params when screen is Search" time="0.003">
    </testcase>
    <testcase classname="getDefaultScreenParams should return an object with from param set to &quot;deeplink&quot; when screen is Offer" name="getDefaultScreenParams should return an object with from param set to &quot;deeplink&quot; when screen is Offer" time="0.005">
    </testcase>
    <testcase classname="getDefaultScreenParams should return an object with from param set to &quot;deeplink&quot; when screen is Venue" name="getDefaultScreenParams should return an object with from param set to &quot;deeplink&quot; when screen is Venue" time="0.003">
    </testcase>
    <testcase classname="getDefaultScreenParams should return an object with from param set to &quot;deeplink&quot; when screen is Home" name="getDefaultScreenParams should return an object with from param set to &quot;deeplink&quot; when screen is Home" time="0.001">
    </testcase>
    <testcase classname="getDefaultScreenParams should return an object with from param set to &quot;deeplink&quot; when screen is Profile" name="getDefaultScreenParams should return an object with from param set to &quot;deeplink&quot; when screen is Profile" time="0">
    </testcase>
    <testcase classname="getDefaultScreenParams should return an object with from param set to &quot;deeplink&quot; when screen is SignupForm" name="getDefaultScreenParams should return an object with from param set to &quot;deeplink&quot; when screen is SignupForm" time="0.001">
    </testcase>
    <testcase classname="getDefaultScreenParams should return an object with from param set to &quot;deeplink&quot; when screen is ThematicHome" name="getDefaultScreenParams should return an object with from param set to &quot;deeplink&quot; when screen is ThematicHome" time="0.005">
    </testcase>
  </testsuite>
  <testsuite name="&lt;Search/&gt;" errors="0" failures="0" skipped="0" timestamp="2024-03-27T08:58:25" time="8.063" tests="12">
    <testcase classname="&lt;Search/&gt; should render SearchResults" name="&lt;Search/&gt; should render SearchResults" time="0.202">
    </testcase>
    <testcase classname="&lt;Search/&gt; When SearchResults is focus on suggestions should display offer suggestions" name="&lt;Search/&gt; When SearchResults is focus on suggestions should display offer suggestions" time="0.124">
    </testcase>
    <testcase classname="&lt;Search/&gt; When SearchResults is focus on suggestions should display venue suggestions" name="&lt;Search/&gt; When SearchResults is focus on suggestions should display venue suggestions" time="0.131">
    </testcase>
    <testcase classname="&lt;Search/&gt; When SearchResults is focus on suggestions should handle venue press" name="&lt;Search/&gt; When SearchResults is focus on suggestions should handle venue press" time="0.086">
    </testcase>
    <testcase classname="&lt;Search/&gt; When SearchResults is focus on suggestions should dismiss keyboard on scroll" name="&lt;Search/&gt; When SearchResults is focus on suggestions should dismiss keyboard on scroll" time="0.09">
    </testcase>
    <testcase classname="&lt;Search/&gt; When SearchResults is focus on suggestions should display search history when it has items" name="&lt;Search/&gt; When SearchResults is focus on suggestions should display search history when it has items" time="0.126">
    </testcase>
    <testcase classname="&lt;Search/&gt; When SearchResults is focus on suggestions should not display search history when it has not items" name="&lt;Search/&gt; When SearchResults is focus on suggestions should not display search history when it has not items" time="0.035">
    </testcase>
    <testcase classname="&lt;Search/&gt; When SearchResults is focus on suggestions should dismiss the keyboard when pressing search history item" name="&lt;Search/&gt; When SearchResults is focus on suggestions should dismiss the keyboard when pressing search history item" time="0.075">
    </testcase>
    <testcase classname="&lt;Search/&gt; When SearchResults is focus on suggestions should update state and execute the search with the history item When it has not category and native category" name="&lt;Search/&gt; When SearchResults is focus on suggestions should update state and execute the search with the history item When it has not category and native category" time="0.078">
    </testcase>
    <testcase classname="&lt;Search/&gt; When SearchResults is focus on suggestions should update state and execute the search with the history item When it has category and native category" name="&lt;Search/&gt; When SearchResults is focus on suggestions should update state and execute the search with the history item When it has category and native category" time="0.092">
    </testcase>
    <testcase classname="&lt;Search/&gt; When SearchResults is focus on suggestions should update state and execute the search with the history item When it has only a category" name="&lt;Search/&gt; When SearchResults is focus on suggestions should update state and execute the search with the history item When it has only a category" time="0.059">
    </testcase>
    <testcase classname="&lt;Search/&gt; When offline should display offline page" name="&lt;Search/&gt; When offline should display offline page" time="0.01">
    </testcase>
  </testsuite>
  <testsuite name="&lt;StepDots /&gt;" errors="0" failures="0" skipped="0" timestamp="2024-03-27T08:58:32" time="1.825" tests="8">
    <testcase classname="&lt;StepDots /&gt; three steps with first as current step should render first step properly" name="&lt;StepDots /&gt; three steps with first as current step should render first step properly" time="0.293">
    </testcase>
    <testcase classname="&lt;StepDots /&gt; three steps with first as current step should render second and third steps properly" name="&lt;StepDots /&gt; three steps with first as current step should render second and third steps properly" time="0.005">
    </testcase>
    <testcase classname="&lt;StepDots /&gt; three steps with second as current step should render first step properly" name="&lt;StepDots /&gt; three steps with second as current step should render first step properly" time="0.011">
    </testcase>
    <testcase classname="&lt;StepDots /&gt; three steps with second as current step should render second step properly" name="&lt;StepDots /&gt; three steps with second as current step should render second step properly" time="0.013">
    </testcase>
    <testcase classname="&lt;StepDots /&gt; three steps with second as current step should render third step properly" name="&lt;StepDots /&gt; three steps with second as current step should render third step properly" time="0.025">
    </testcase>
    <testcase classname="&lt;StepDots /&gt; three steps with last as current step should render first and second steps properly" name="&lt;StepDots /&gt; three steps with last as current step should render first and second steps properly" time="0.004">
    </testcase>
    <testcase classname="&lt;StepDots /&gt; three steps with last as current step should render second and third steps properly" name="&lt;StepDots /&gt; three steps with last as current step should render second and third steps properly" time="0.004">
    </testcase>
    <testcase classname="&lt;StepDots /&gt; three steps with first and second with neutral color should render first and second steps properly" name="&lt;StepDots /&gt; three steps with first and second with neutral color should render first and second steps properly" time="0.005">
    </testcase>
  </testsuite>
  <testsuite name="ExclusivityExternalLink component" errors="0" failures="0" skipped="0" timestamp="2024-03-27T08:58:34" time="2.789" tests="2">
    <testcase classname="ExclusivityExternalLink component should trigger logEvent &quot;ModuleDisplayedOnHomepage&quot; on render" name="ExclusivityExternalLink component should trigger logEvent &quot;ModuleDisplayedOnHomepage&quot; on render" time="0.042">
    </testcase>
    <testcase classname="ExclusivityExternalLink component should open url when clicking on the component" name="ExclusivityExternalLink component should open url when clicking on the component" time="0.007">
    </testcase>
  </testsuite>
  <testsuite name="VideoModule" errors="0" failures="0" skipped="0" timestamp="2024-03-27T08:58:34" time="3.122" tests="6">
    <testcase classname="VideoModule should show modal when pressing video thumbnail" name="VideoModule should show modal when pressing video thumbnail" time="0.271">
    </testcase>
    <testcase classname="VideoModule should log ModuleDisplayedOnHomePage event when seeing the module" name="VideoModule should log ModuleDisplayedOnHomePage event when seeing the module" time="0.045">
    </testcase>
    <testcase classname="VideoModule should not log ModuleDisplayedOnHomePage event when module is not rendered" name="VideoModule should not log ModuleDisplayedOnHomePage event when module is not rendered" time="0.005">
    </testcase>
    <testcase classname="VideoModule should render multi offer component if multiples offers" name="VideoModule should render multi offer component if multiples offers" time="0.066">
    </testcase>
    <testcase classname="VideoModule should render mobile design if mobile viewport" name="VideoModule should render mobile design if mobile viewport" time="0.045">
    </testcase>
    <testcase classname="VideoModule should render desktop design if desktop viewport" name="VideoModule should render desktop design if desktop viewport" time="0.03">
    </testcase>
  </testsuite>
  <testsuite name="&lt;OfferBookingButton /&gt;" errors="0" failures="0" skipped="0" timestamp="2024-03-27T08:58:34" time="2.909" tests="6">
    <testcase classname="&lt;OfferBookingButton /&gt; should display the correct wording &quot;Réserver l’offre&quot;" name="&lt;OfferBookingButton /&gt; should display the correct wording &quot;Réserver l’offre&quot;" time="0.054">
    </testcase>
    <testcase classname="&lt;OfferBookingButton /&gt; should display the blurry style" name="&lt;OfferBookingButton /&gt; should display the blurry style" time="0.013">
    </testcase>
    <testcase classname="&lt;OfferBookingButton /&gt; should display the bottom banner text" name="&lt;OfferBookingButton /&gt; should display the bottom banner text" time="0.007">
    </testcase>
    <testcase classname="&lt;OfferBookingButton /&gt; should display the button disabled" name="&lt;OfferBookingButton /&gt; should display the button disabled" time="0.009">
    </testcase>
    <testcase classname="&lt;OfferBookingButton /&gt; shouldn&apos;t return the button when it hasn&apos;t wording" name="&lt;OfferBookingButton /&gt; shouldn&apos;t return the button when it hasn&apos;t wording" time="0.002">
    </testcase>
    <testcase classname="&lt;OfferBookingButton /&gt; shouldn&apos;t return the bottom banner when it is undefined" name="&lt;OfferBookingButton /&gt; shouldn&apos;t return the bottom banner when it is undefined" time="0.009">
    </testcase>
  </testsuite>
  <testsuite name="&lt;FraudulentSuspendedAccount /&gt;" errors="0" failures="0" skipped="0" timestamp="2024-03-27T08:58:32" time="4.758" tests="2">
    <testcase classname="&lt;FraudulentSuspendedAccount /&gt; should match snapshot" name="&lt;FraudulentSuspendedAccount /&gt; should match snapshot" time="0.083">
    </testcase>
    <testcase classname="&lt;FraudulentSuspendedAccount /&gt; should log analytics when clicking on &quot;Contacter le service fraude&quot; button" name="&lt;FraudulentSuspendedAccount /&gt; should log analytics when clicking on &quot;Contacter le service fraude&quot; button" time="0.025">
    </testcase>
  </testsuite>
  <testsuite name="Accessibility" errors="0" failures="0" skipped="0" timestamp="2024-03-27T08:58:34" time="3.151" tests="5">
    <testcase classname="Accessibility should render correctly" name="Accessibility should render correctly" time="0.034">
    </testcase>
    <testcase classname="Accessibility should navigate to AccessibilityActionPlan when Schéma pluriannuel is clicked" name="Accessibility should navigate to AccessibilityActionPlan when Schéma pluriannuel is clicked" time="0.036">
    </testcase>
    <testcase classname="Accessibility should navigate to AccessibilityDeclaration when Déclaration d’accessibilité is clicked" name="Accessibility should navigate to AccessibilityDeclaration when Déclaration d’accessibilité is clicked" time="0.012">
    </testcase>
    <testcase classname="Accessibility should navigate to AccessibilityEngagement when Les engagements du pass Culture is clicked" name="Accessibility should navigate to AccessibilityEngagement when Les engagements du pass Culture is clicked" time="0.022">
    </testcase>
    <testcase classname="Accessibility should navigate to RecommendedPaths when Parcours recommandés is clicked" name="Accessibility should navigate to RecommendedPaths when Parcours recommandés is clicked" time="0.039">
    </testcase>
  </testsuite>
  <testsuite name="TabBar" errors="0" failures="0" skipped="1" timestamp="2024-03-27T08:58:38" time="2.623" tests="10">
    <testcase classname="TabBar render correctly" name="TabBar render correctly" time="0">
      <skipped/>
    </testcase>
    <testcase classname="TabBar should display the 5 following tabs with Home selected" name="TabBar should display the 5 following tabs with Home selected" time="0.094">
    </testcase>
    <testcase classname="TabBar should display the 5 following tabs with Bookings selected" name="TabBar should display the 5 following tabs with Bookings selected" time="0.034">
    </testcase>
    <testcase classname="TabBar displays only one selected at a time" name="TabBar displays only one selected at a time" time="0.019">
    </testcase>
    <testcase classname="TabBar should navigate again to Profil tab on click Profil tab icon when Profil tab is already selected" name="TabBar should navigate again to Profil tab on click Profil tab icon when Profil tab is already selected" time="0.021">
    </testcase>
    <testcase classname="TabBar should navigate again to Home tab on click Home tab icon when Home tab is already selected" name="TabBar should navigate again to Home tab on click Home tab icon when Home tab is already selected" time="0.014">
    </testcase>
    <testcase classname="TabBar should reset Search navigation params when clicked on selected Search tab" name="TabBar should reset Search navigation params when clicked on selected Search tab" time="0.023">
    </testcase>
    <testcase classname="TabBar should reset Search accessibility navigation params when clicked on selected Search tab" name="TabBar should reset Search accessibility navigation params when clicked on selected Search tab" time="0.02">
    </testcase>
    <testcase classname="TabBar navigates to Profile on Profile tab click" name="TabBar navigates to Profile on Profile tab click" time="0.021">
    </testcase>
    <testcase classname="TabBar should call navigate with searchState params on press &quot;Recherche&quot;" name="TabBar should call navigate with searchState params on press &quot;Recherche&quot;" time="0.023">
    </testcase>
  </testsuite>
  <testsuite name="&lt;SetStatus/&gt;" errors="0" failures="0" skipped="0" timestamp="2024-03-27T08:58:38" time="3.182" tests="4">
    <testcase classname="&lt;SetStatus/&gt; should render correctly" name="&lt;SetStatus/&gt; should render correctly" time="0.227">
    </testcase>
    <testcase classname="&lt;SetStatus/&gt; should navigate to stepper on press &quot;Continuer&quot;" name="&lt;SetStatus/&gt; should navigate to stepper on press &quot;Continuer&quot;" time="0.276">
    </testcase>
    <testcase classname="&lt;SetStatus/&gt; should log screen view when the screen is mounted" name="&lt;SetStatus/&gt; should log screen view when the screen is mounted" time="0.046">
    </testcase>
    <testcase classname="&lt;SetStatus/&gt; should log analytics on press Continuer" name="&lt;SetStatus/&gt; should log analytics on press Continuer" time="0.219">
    </testcase>
  </testsuite>
  <testsuite name="DMSIntroduction" errors="0" failures="0" skipped="0" timestamp="2024-03-27T08:58:34" time="6.359" tests="7">
    <testcase classname="DMSIntroduction should log screen view when the screen is mounted" name="DMSIntroduction should log screen view when the screen is mounted" time="0.065">
    </testcase>
    <testcase classname="DMSIntroduction french version should render correctly" name="DMSIntroduction french version should render correctly" time="0.036">
    </testcase>
    <testcase classname="DMSIntroduction french version should open french dms link when pressing &quot;Aller sur demarches-simplifiees.fr&quot; button" name="DMSIntroduction french version should open french dms link when pressing &quot;Aller sur demarches-simplifiees.fr&quot; button" time="0.073">
    </testcase>
    <testcase classname="DMSIntroduction french version should log french DMS event when pressing &quot;Aller sur demarches-simplifiees.fr&quot; button" name="DMSIntroduction french version should log french DMS event when pressing &quot;Aller sur demarches-simplifiees.fr&quot; button" time="0.018">
    </testcase>
    <testcase classname="DMSIntroduction foreign version should render correctly" name="DMSIntroduction foreign version should render correctly" time="0.043">
    </testcase>
    <testcase classname="DMSIntroduction foreign version should open foreign dms link when pressing &quot;Aller sur demarches-simplifiees.fr&quot; button" name="DMSIntroduction foreign version should open foreign dms link when pressing &quot;Aller sur demarches-simplifiees.fr&quot; button" time="0.067">
    </testcase>
    <testcase classname="DMSIntroduction foreign version should log foreign DMS event when pressing &quot;Aller sur demarches-simplifiees.fr&quot; button" name="DMSIntroduction foreign version should log foreign DMS event when pressing &quot;Aller sur demarches-simplifiees.fr&quot; button" time="0.055">
    </testcase>
  </testsuite>
  <testsuite name="&lt;TicketWithContent/&gt;" errors="0" failures="0" skipped="0" timestamp="2024-03-27T08:58:37" time="4.351" tests="1">
    <testcase classname="&lt;TicketWithContent/&gt; should render properly" name="&lt;TicketWithContent/&gt; should render properly" time="0.073">
    </testcase>
  </testsuite>
  <testsuite name="&lt;AccessibilityFiltersModal /&gt;" errors="0" failures="0" skipped="0" timestamp="2024-03-27T08:58:38" time="4.303" tests="5">
    <testcase classname="&lt;AccessibilityFiltersModal /&gt; should render modal correctly" name="&lt;AccessibilityFiltersModal /&gt; should render modal correctly" time="0.461">
    </testcase>
    <testcase classname="&lt;AccessibilityFiltersModal /&gt; should save selected disabilities when search button is pressed" name="&lt;AccessibilityFiltersModal /&gt; should save selected disabilities when search button is pressed" time="0.43">
    </testcase>
    <testcase classname="&lt;AccessibilityFiltersModal /&gt; should not save modified disabilities when pressing close button" name="&lt;AccessibilityFiltersModal /&gt; should not save modified disabilities when pressing close button" time="0.389">
    </testcase>
    <testcase classname="&lt;AccessibilityFiltersModal /&gt; should reset filter when reset button and search button are pressed" name="&lt;AccessibilityFiltersModal /&gt; should reset filter when reset button and search button are pressed" time="0.394">
    </testcase>
    <testcase classname="&lt;AccessibilityFiltersModal /&gt; should not reset filter when reset button is pressed and user closes modal" name="&lt;AccessibilityFiltersModal /&gt; should not reset filter when reset button is pressed and user closes modal" time="0.375">
    </testcase>
  </testsuite>
  <testsuite name="getDatesFromTimeRangeAndDate" errors="0" failures="0" skipped="0" timestamp="2024-03-27T08:58:42" time="1.345" tests="7">
    <testcase classname="getDatesFromTimeRangeAndDate utc should return dates with beginning and ending times for given date and timerange" name="getDatesFromTimeRangeAndDate utc should return dates with beginning and ending times for given date and timerange" time="0.008">
    </testcase>
    <testcase classname="getDatesFromTimeRangeAndDate utc should return dates with beginning and ending times for given date and timerange with extreme values" name="getDatesFromTimeRangeAndDate utc should return dates with beginning and ending times for given date and timerange with extreme values" time="0.004">
    </testcase>
    <testcase classname="getWeekDatesFromDate should return dates of the week for a given date" name="getWeekDatesFromDate should return dates of the week for a given date" time="0.004">
    </testcase>
    <testcase classname="getWeekDatesFromDate should return dates of the week for a given date when in the middle of the week" name="getWeekDatesFromDate should return dates of the week for a given date when in the middle of the week" time="0.002">
    </testcase>
    <testcase classname="getWeekDatesFromDate should return date of the week for a given date when date is sunday" name="getWeekDatesFromDate should return date of the week for a given date when date is sunday" time="0.005">
    </testcase>
    <testcase classname="getWeekEndDatesFromDate should return dates of the week end for a given date" name="getWeekEndDatesFromDate should return dates of the week end for a given date" time="0.001">
    </testcase>
    <testcase classname="getWeekEndDatesFromDate should return date of the week end for a given date when date is sunday" name="getWeekEndDatesFromDate should return date of the week end for a given date when date is sunday" time="0.003">
    </testcase>
  </testsuite>
  <testsuite name="&lt;Offer /&gt;" errors="0" failures="0" skipped="0" timestamp="2024-03-27T08:58:38" time="5.165" tests="6">
    <testcase classname="&lt;Offer /&gt; should not display offer container when offer is not found and subcategories loaded" name="&lt;Offer /&gt; should not display offer container when offer is not found and subcategories loaded" time="0.201">
    </testcase>
    <testcase classname="&lt;Offer /&gt; should not display offer container when subcategories not loaded and offer loaded" name="&lt;Offer /&gt; should not display offer container when subcategories not loaded and offer loaded" time="0.07">
    </testcase>
    <testcase classname="&lt;Offer /&gt; should not display offer container when subcategories and offer not loaded" name="&lt;Offer /&gt; should not display offer container when subcategories and offer not loaded" time="0.029">
    </testcase>
    <testcase classname="&lt;Offer /&gt; should display offer container when subcategories and offer loaded" name="&lt;Offer /&gt; should display offer container when subcategories and offer loaded" time="0.41">
    </testcase>
    <testcase classname="&lt;Offer /&gt; should display subcategory tag" name="&lt;Offer /&gt; should display subcategory tag" time="0.207">
    </testcase>
    <testcase classname="&lt;Offer /&gt; should display offer placeholder on init" name="&lt;Offer /&gt; should display offer placeholder on init" time="0.062">
    </testcase>
  </testsuite>
  <testsuite name="hourSchema" errors="0" failures="0" skipped="0" timestamp="2024-03-27T08:58:41" time="2.118" tests="27">
    <testcase classname="hourSchema hourSchema should fail when value (25) is not a valid hour" name="hourSchema hourSchema should fail when value (25) is not a valid hour" time="0.015">
    </testcase>
    <testcase classname="hourSchema hourSchema should fail when value (-1) is not a valid hour" name="hourSchema hourSchema should fail when value (-1) is not a valid hour" time="0.002">
    </testcase>
    <testcase classname="hourSchema hourSchema should fail when value (8) is not a valid hour" name="hourSchema hourSchema should fail when value (8) is not a valid hour" time="0.005">
    </testcase>
    <testcase classname="hourSchema hourSchema should fail when value (null) is not a valid hour" name="hourSchema hourSchema should fail when value (null) is not a valid hour" time="0.005">
    </testcase>
    <testcase classname="hourSchema hourSchema should fail when value (undefined) is not a valid hour" name="hourSchema hourSchema should fail when value (undefined) is not a valid hour" time="0.003">
    </testcase>
    <testcase classname="hourSchema hourSchema should fail when value (false) is not a valid hour" name="hourSchema hourSchema should fail when value (false) is not a valid hour" time="0.001">
    </testcase>
    <testcase classname="hourSchema hourSchema should validate when value ($value) is a valid hour" name="hourSchema hourSchema should validate when value ($value) is a valid hour" time="0.003">
    </testcase>
    <testcase classname="hourSchema hourSchema should validate when value ($value) is a valid hour" name="hourSchema hourSchema should validate when value ($value) is a valid hour" time="0.001">
    </testcase>
    <testcase classname="hourSchema hourSchema should validate when value ($value) is a valid hour" name="hourSchema hourSchema should validate when value ($value) is a valid hour" time="0.002">
    </testcase>
    <testcase classname="hourSchema hourSchema should validate when value ($value) is a valid hour" name="hourSchema hourSchema should validate when value ($value) is a valid hour" time="0.002">
    </testcase>
    <testcase classname="hourSchema hourSchema should validate when value ($value) is a valid hour" name="hourSchema hourSchema should validate when value ($value) is a valid hour" time="0.001">
    </testcase>
    <testcase classname="hoursSchema hoursSchema should fail when value (undefined) is not an array of two valid hours" name="hoursSchema hoursSchema should fail when value (undefined) is not an array of two valid hours" time="0.003">
    </testcase>
    <testcase classname="hoursSchema hoursSchema should fail when value (8) is not an array of two valid hours" name="hoursSchema hoursSchema should fail when value (8) is not an array of two valid hours" time="0.004">
    </testcase>
    <testcase classname="hoursSchema hoursSchema should fail when value (2) is not an array of two valid hours" name="hoursSchema hoursSchema should fail when value (2) is not an array of two valid hours" time="0.004">
    </testcase>
    <testcase classname="hoursSchema hoursSchema should fail when we have 1 value" name="hoursSchema hoursSchema should fail when we have 1 value" time="0.001">
    </testcase>
    <testcase classname="hoursSchema hoursSchema should fail when we have 3 value" name="hoursSchema hoursSchema should fail when we have 3 value" time="0.001">
    </testcase>
    <testcase classname="hoursSchema hoursSchema should validate when value ($value) is an array of two valid hours" name="hoursSchema hoursSchema should validate when value ($value) is an array of two valid hours" time="0.001">
    </testcase>
    <testcase classname="hoursSchema hoursSchema should validate when value ($value) is an array of two valid hours" name="hoursSchema hoursSchema should validate when value ($value) is an array of two valid hours" time="0.002">
    </testcase>
    <testcase classname="hoursSchema hoursSchema should validate when value ($value) is an array of two valid hours" name="hoursSchema hoursSchema should validate when value ($value) is an array of two valid hours" time="0.002">
    </testcase>
    <testcase classname="hoursSchema hoursSchema should validate when value ($value) is an array of two valid hours" name="hoursSchema hoursSchema should validate when value ($value) is an array of two valid hours" time="0.001">
    </testcase>
    <testcase classname="datesHoursSchema should fail when hasSelectedChoice is true and selectedDateChoice defined without selectedDate" name="datesHoursSchema should fail when hasSelectedChoice is true and selectedDateChoice defined without selectedDate" time="0.005">
    </testcase>
    <testcase classname="datesHoursSchema should fail when hasSelectedChoice is true and selectedDate defined without selectedDateChoice" name="datesHoursSchema should fail when hasSelectedChoice is true and selectedDate defined without selectedDateChoice" time="0.002">
    </testcase>
    <testcase classname="datesHoursSchema should fail when hasSelectedHours is true without selectedHours" name="datesHoursSchema should fail when hasSelectedHours is true without selectedHours" time="0.002">
    </testcase>
    <testcase classname="datesHoursSchema should validate without any value" name="datesHoursSchema should validate without any value" time="0.001">
    </testcase>
    <testcase classname="datesHoursSchema should validate when hasSelectedDate is true with selectedDateChoice and selectedDate" name="datesHoursSchema should validate when hasSelectedDate is true with selectedDateChoice and selectedDate" time="0.026">
    </testcase>
    <testcase classname="datesHoursSchema should validate when hasSelectedHours is true with selectedHours" name="datesHoursSchema should validate when hasSelectedHours is true with selectedHours" time="0.004">
    </testcase>
    <testcase classname="datesHoursSchema should validate when hasSelectedDate is true with selectedDateChoice and selectedDate and hasSelectedHours is true with selectedHours" name="datesHoursSchema should validate when hasSelectedDate is true with selectedDateChoice and selectedDate and hasSelectedHours is true with selectedHours" time="0.003">
    </testcase>
  </testsuite>
  <testsuite name="&lt;IdentificationFork /&gt;" errors="0" failures="0" skipped="0" timestamp="2024-03-27T08:58:41" time="4.661" tests="7">
    <testcase classname="&lt;IdentificationFork /&gt; should render correctly" name="&lt;IdentificationFork /&gt; should render correctly" time="0.09">
    </testcase>
    <testcase classname="&lt;IdentificationFork /&gt; should navigate to next screen &quot;SelectIDOrigin&quot; on press &quot;Ma pièce d’identité&quot;" name="&lt;IdentificationFork /&gt; should navigate to next screen &quot;SelectIDOrigin&quot; on press &quot;Ma pièce d’identité&quot;" time="0.101">
    </testcase>
    <testcase classname="&lt;IdentificationFork /&gt; should navigate to next screen &quot;EduConnectForm&quot; on press &quot;Mes codes ÉduConnect&quot;" name="&lt;IdentificationFork /&gt; should navigate to next screen &quot;EduConnectForm&quot; on press &quot;Mes codes ÉduConnect&quot;" time="0.084">
    </testcase>
    <testcase classname="&lt;IdentificationFork /&gt; should log screen view when the screen is mounted" name="&lt;IdentificationFork /&gt; should log screen view when the screen is mounted" time="0.055">
    </testcase>
    <testcase classname="&lt;IdentificationFork /&gt; should log analytics on press &quot;Ma pièce d’identité&quot;" name="&lt;IdentificationFork /&gt; should log analytics on press &quot;Ma pièce d’identité&quot;" time="0.032">
    </testcase>
    <testcase classname="&lt;IdentificationFork /&gt; should log analytics on press &quot;Mes codes ÉduConnect&quot;" name="&lt;IdentificationFork /&gt; should log analytics on press &quot;Mes codes ÉduConnect&quot;" time="0.032">
    </testcase>
    <testcase classname="&lt;IdentificationFork /&gt; should open data privacy chart when pressing link" name="&lt;IdentificationFork /&gt; should open data privacy chart when pressing link" time="0.029">
    </testcase>
  </testsuite>
  <testsuite name="PhoneValidationTooManySMSSent" errors="0" failures="0" skipped="0" timestamp="2024-03-27T08:58:44" time="2.432" tests="4">
    <testcase classname="PhoneValidationTooManySMSSent should display &quot;1 heure&quot; in description" name="PhoneValidationTooManySMSSent should display &quot;1 heure&quot; in description" time="0.136">
    </testcase>
    <testcase classname="PhoneValidationTooManySMSSent should display &quot;2 heures&quot; in description" name="PhoneValidationTooManySMSSent should display &quot;2 heures&quot; in description" time="0.012">
    </testcase>
    <testcase classname="PhoneValidationTooManySMSSent should redirect to Home when clicking on homepage button" name="PhoneValidationTooManySMSSent should redirect to Home when clicking on homepage button" time="0.05">
    </testcase>
    <testcase classname="PhoneValidationTooManySMSSent should redirect to SetPhoneValidationCode when clicking on second button" name="PhoneValidationTooManySMSSent should redirect to SetPhoneValidationCode when clicking on second button" time="0.051">
    </testcase>
  </testsuite>
  <testsuite name="&lt;BookingConfirmation /&gt;" errors="0" failures="0" skipped="0" timestamp="2024-03-27T08:58:41" time="4.312" tests="9">
    <testcase classname="&lt;BookingConfirmation /&gt; should render correctly" name="&lt;BookingConfirmation /&gt; should render correctly" time="0.104">
    </testcase>
    <testcase classname="&lt;BookingConfirmation /&gt; InAppReview should call InAppReview Modal after 3 seconds if isAvailable and rules are respected" name="&lt;BookingConfirmation /&gt; InAppReview should call InAppReview Modal after 3 seconds if isAvailable and rules are respected" time="0.019">
    </testcase>
    <testcase classname="&lt;BookingConfirmation /&gt; InAppReview should not call InAppReview Modal if isAvailable is false" name="&lt;BookingConfirmation /&gt; InAppReview should not call InAppReview Modal if isAvailable is false" time="0.035">
    </testcase>
    <testcase classname="&lt;BookingConfirmation /&gt; InAppReview should not call InAppReview Modal if isAvailable is true and rules are not respected" name="&lt;BookingConfirmation /&gt; InAppReview should not call InAppReview Modal if isAvailable is true and rules are not respected" time="0.014">
    </testcase>
    <testcase classname="&lt;BookingConfirmation /&gt; buttons should call display share when press share button" name="&lt;BookingConfirmation /&gt; buttons should call display share when press share button" time="0.063">
    </testcase>
    <testcase classname="&lt;BookingConfirmation /&gt; buttons should log analytics when press share button" name="&lt;BookingConfirmation /&gt; buttons should log analytics when press share button" time="0.06">
    </testcase>
    <testcase classname="&lt;BookingConfirmation /&gt; buttons should go to Bookings and log analytics event" name="&lt;BookingConfirmation /&gt; buttons should go to Bookings and log analytics event" time="0.018">
    </testcase>
    <testcase classname="&lt;BookingConfirmation /&gt; buttons should track Batch event when button is clicked" name="&lt;BookingConfirmation /&gt; buttons should track Batch event when button is clicked" time="0.021">
    </testcase>
    <testcase classname="&lt;BookingConfirmation /&gt; buttons should track Batch event when button is clicked" name="&lt;BookingConfirmation /&gt; buttons should track Batch event when button is clicked" time="0.027">
    </testcase>
  </testsuite>
  <testsuite name="BookingOfferModalFooter" errors="0" failures="0" skipped="0" timestamp="2024-03-27T08:58:44" time="2.14" tests="18">
    <testcase classname="BookingOfferModalFooter when current step is date selection should display &quot;Valider la date&quot;" name="BookingOfferModalFooter when current step is date selection should display &quot;Valider la date&quot;" time="0.079">
    </testcase>
    <testcase classname="BookingOfferModalFooter when current step is date selection should not change step when date not selected" name="BookingOfferModalFooter when current step is date selection should not change step when date not selected" time="0.005">
    </testcase>
    <testcase classname="BookingOfferModalFooter when current step is date selection should change step to hour selection when date selected" name="BookingOfferModalFooter when current step is date selection should change step to hour selection when date selected" time="0.073">
    </testcase>
    <testcase classname="BookingOfferModalFooter when current step is date selection should reset potential previous hour when date selected" name="BookingOfferModalFooter when current step is date selection should reset potential previous hour when date selected" time="0.028">
    </testcase>
    <testcase classname="BookingOfferModalFooter when current step is hour selection should display &quot;Valider lʼhoraire&quot;" name="BookingOfferModalFooter when current step is hour selection should display &quot;Valider lʼhoraire&quot;" time="0.013">
    </testcase>
    <testcase classname="BookingOfferModalFooter when current step is hour selection should not change step when hour not selected" name="BookingOfferModalFooter when current step is hour selection should not change step when hour not selected" time="0.006">
    </testcase>
    <testcase classname="BookingOfferModalFooter when current step is hour selection should change step to price selection when hour selected and has several prices" name="BookingOfferModalFooter when current step is hour selection should change step to price selection when hour selected and has several prices" time="0.004">
    </testcase>
    <testcase classname="BookingOfferModalFooter when current step is hour selection should reset stock selection when hour selected and has several prices" name="BookingOfferModalFooter when current step is hour selection should reset stock selection when hour selected and has several prices" time="0.005">
    </testcase>
    <testcase classname="BookingOfferModalFooter when current step is hour selection should change step to quantity selection when hour selected, has not several prices and offer is duo" name="BookingOfferModalFooter when current step is hour selection should change step to quantity selection when hour selected, has not several prices and offer is duo" time="0.01">
    </testcase>
    <testcase classname="BookingOfferModalFooter when current step is hour selection should change step to confirmation when hour selected, has not several prices and offer is not duo" name="BookingOfferModalFooter when current step is hour selection should change step to confirmation when hour selected, has not several prices and offer is not duo" time="0.007">
    </testcase>
    <testcase classname="BookingOfferModalFooter when current step is price selection should display &quot;Valider le prix&quot;" name="BookingOfferModalFooter when current step is price selection should display &quot;Valider le prix&quot;" time="0.004">
    </testcase>
    <testcase classname="BookingOfferModalFooter when current step is price selection should not change step when stock not selected" name="BookingOfferModalFooter when current step is price selection should not change step when stock not selected" time="0.005">
    </testcase>
    <testcase classname="BookingOfferModalFooter when current step is price selection should change step to quantity selection when stock selected and offer is duo" name="BookingOfferModalFooter when current step is price selection should change step to quantity selection when stock selected and offer is duo" time="0.043">
    </testcase>
    <testcase classname="BookingOfferModalFooter when current step is price selection should change step to confirmation when stock selected and offer is not duo" name="BookingOfferModalFooter when current step is price selection should change step to confirmation when stock selected and offer is not duo" time="0.005">
    </testcase>
    <testcase classname="BookingOfferModalFooter when current step is quantity selection should display &quot;Finaliser ma réservation&quot;" name="BookingOfferModalFooter when current step is quantity selection should display &quot;Finaliser ma réservation&quot;" time="0.004">
    </testcase>
    <testcase classname="BookingOfferModalFooter when current step is quantity selection should not change step when quantity not selected" name="BookingOfferModalFooter when current step is quantity selection should not change step when quantity not selected" time="0.004">
    </testcase>
    <testcase classname="BookingOfferModalFooter when current step is quantity selection should change step to confirmation when quantity selected" name="BookingOfferModalFooter when current step is quantity selection should change step to confirmation when quantity selected" time="0.004">
    </testcase>
    <testcase classname="BookingOfferModalFooter when current step is confirmation should not display footer" name="BookingOfferModalFooter when current step is confirmation should not display footer" time="0.003">
    </testcase>
  </testsuite>
  <testsuite name="&lt;Favorites/&gt;" errors="0" failures="0" skipped="0" timestamp="2024-03-27T08:58:42" time="5.148" tests="3">
    <testcase classname="&lt;Favorites/&gt; should render correctly" name="&lt;Favorites/&gt; should render correctly" time="0.376">
    </testcase>
    <testcase classname="&lt;Favorites/&gt; should show non connected page when not logged in" name="&lt;Favorites/&gt; should show non connected page when not logged in" time="0.06">
    </testcase>
    <testcase classname="&lt;Favorites/&gt; should render offline page when not connected" name="&lt;Favorites/&gt; should render offline page when not connected" time="0.017">
    </testcase>
  </testsuite>
  <testsuite name="getCategoriesFacetFilters" errors="0" failures="0" skipped="0" timestamp="2024-03-27T08:58:46" time="1.807" tests="2">
    <testcase classname="getCategoriesFacetFilters should return none search group when category label is not in Contentful labels" name="getCategoriesFacetFilters should return none search group when category label is not in Contentful labels" time="0.005">
    </testcase>
    <testcase classname="getCategoriesFacetFilters should return the search group when category label is in Contentful labels" name="getCategoriesFacetFilters should return the search group when category label is in Contentful labels" time="0.008">
    </testcase>
  </testsuite>
  <testsuite name="&lt;PageNotFound/&gt;" errors="0" failures="0" skipped="0" timestamp="2024-03-27T08:58:44" time="4.121" tests="1">
    <testcase classname="&lt;PageNotFound/&gt; should render correctly" name="&lt;PageNotFound/&gt; should render correctly" time="0.062">
    </testcase>
  </testsuite>
  <testsuite name="DeleteProfileSuccess component" errors="0" failures="0" skipped="0" timestamp="2024-03-27T08:58:46" time="3.198" tests="4">
    <testcase classname="DeleteProfileSuccess component should render delete profile success" name="DeleteProfileSuccess component should render delete profile success" time="0.107">
    </testcase>
    <testcase classname="DeleteProfileSuccess component should log out user" name="DeleteProfileSuccess component should log out user" time="0.013">
    </testcase>
    <testcase classname="DeleteProfileSuccess component should redirect to Home page when clicking on &quot;Retourner à l’accueil&quot; button" name="DeleteProfileSuccess component should redirect to Home page when clicking on &quot;Retourner à l’accueil&quot; button" time="0.029">
    </testcase>
    <testcase classname="DeleteProfileSuccess component should log analytics and  redirect to Login page when clicking on &quot;Réactiver mon compte&quot; button" name="DeleteProfileSuccess component should log analytics and  redirect to Login page when clicking on &quot;Réactiver mon compte&quot; button" time="0.104">
    </testcase>
  </testsuite>
  <testsuite name="MonitoringError" errors="0" failures="0" skipped="0" timestamp="2024-03-27T08:58:46" time="4.354" tests="11">
    <testcase classname="MonitoringError should call eventMonitoring.captureException() on new MonitoringError instance" name="MonitoringError should call eventMonitoring.captureException() on new MonitoringError instance" time="0.008">
    </testcase>
    <testcase classname="MonitoringError should rename MonitoringError to RenamedError" name="MonitoringError should rename MonitoringError to RenamedError" time="0.016">
    </testcase>
    <testcase classname="MonitoringError should pass captureContext to MonitoringError as a 2nd argument" name="MonitoringError should pass captureContext to MonitoringError as a 2nd argument" time="0.002">
    </testcase>
    <testcase classname="MonitoringError should pass captureContext to RenamedError as a last argument" name="MonitoringError should pass captureContext to RenamedError as a last argument" time="0.001">
    </testcase>
    <testcase classname="MonitoringError should captureMessage as info on new MonitoringError instance when shouldBeCapturedAsInfo is true" name="MonitoringError should captureMessage as info on new MonitoringError instance when shouldBeCapturedAsInfo is true" time="0.004">
    </testcase>
    <testcase classname="MonitoringError should not captureMessage as info on new MonitoringError instance when shouldBeCapturedAsInfo is false" name="MonitoringError should not captureMessage as info on new MonitoringError instance when shouldBeCapturedAsInfo is false" time="0.002">
    </testcase>
    <testcase classname="MonitoringError should not captureMessage as info on new MonitoringError instance when shouldBeCapturedAsInfo is undefined" name="MonitoringError should not captureMessage as info on new MonitoringError instance when shouldBeCapturedAsInfo is undefined" time="0.001">
    </testcase>
    <testcase classname="OfferNotFoundError should return message with offer id when it defined" name="OfferNotFoundError should return message with offer id when it defined" time="0.003">
    </testcase>
    <testcase classname="OfferNotFoundError should return message without offer id when it undefined" name="OfferNotFoundError should return message without offer id when it undefined" time="0.001">
    </testcase>
    <testcase classname="VenueNotFoundError should return message with offer id when it defined" name="VenueNotFoundError should return message with offer id when it defined" time="0.001">
    </testcase>
    <testcase classname="VenueNotFoundError should return message without offer id when it undefined" name="VenueNotFoundError should return message without offer id when it undefined" time="0.001">
    </testcase>
  </testsuite>
  <testsuite name="&lt;CollapsibleText /&gt;" errors="0" failures="0" skipped="0" timestamp="2024-03-27T08:58:46" time="4.544" tests="8">
    <testcase classname="&lt;CollapsibleText /&gt; should not display all text" name="&lt;CollapsibleText /&gt; should not display all text" time="0.032">
    </testcase>
    <testcase classname="&lt;CollapsibleText /&gt; should display Voir plus button when the text ends with an ellipsis (onLayout, then onTextLayout)" name="&lt;CollapsibleText /&gt; should display Voir plus button when the text ends with an ellipsis (onLayout, then onTextLayout)" time="0.024">
    </testcase>
    <testcase classname="&lt;CollapsibleText /&gt; should display Voir plus button when the text ends with an ellipsis (onTextLayout, then onLayout)" name="&lt;CollapsibleText /&gt; should display Voir plus button when the text ends with an ellipsis (onTextLayout, then onLayout)" time="0.013">
    </testcase>
    <testcase classname="&lt;CollapsibleText /&gt; should not display Voir plus button when the last line is not filled" name="&lt;CollapsibleText /&gt; should not display Voir plus button when the last line is not filled" time="0.011">
    </testcase>
    <testcase classname="&lt;CollapsibleText /&gt; should use Étendre le texte in button accessibility label" name="&lt;CollapsibleText /&gt; should use Étendre le texte in button accessibility label" time="0.013">
    </testcase>
    <testcase classname="&lt;CollapsibleText /&gt; should display Voir moins on button text when pressing it" name="&lt;CollapsibleText /&gt; should display Voir moins on button text when pressing it" time="0.026">
    </testcase>
    <testcase classname="&lt;CollapsibleText /&gt; should display all text when pressing button" name="&lt;CollapsibleText /&gt; should display all text when pressing button" time="0.023">
    </testcase>
    <testcase classname="&lt;CollapsibleText /&gt; should use Réduire le texte in button accessibility label when pressing button" name="&lt;CollapsibleText /&gt; should use Réduire le texte in button accessibility label when pressing button" time="0.019">
    </testcase>
  </testsuite>
  <testsuite name="NotConnectedFavorites component" errors="0" failures="0" skipped="0" timestamp="2024-03-27T08:58:49" time="2.899" tests="3">
    <testcase classname="NotConnectedFavorites component should render not connected favorites" name="NotConnectedFavorites component should render not connected favorites" time="0.061">
    </testcase>
    <testcase classname="NotConnectedFavorites component should navigate to SignupForm on button click and log analytics" name="NotConnectedFavorites component should navigate to SignupForm on button click and log analytics" time="0.102">
    </testcase>
    <testcase classname="NotConnectedFavorites component should navigate to Login on button click log analytics" name="NotConnectedFavorites component should navigate to Login on button click log analytics" time="0.074">
    </testcase>
  </testsuite>
  <testsuite name="formatSecondsToString" errors="0" failures="0" skipped="0" timestamp="2024-03-27T08:58:50" time="1.812" tests="8">
    <testcase classname="formatSecondsToString should display withdrawal wording In minutes" name="formatSecondsToString should display withdrawal wording In minutes" time="0.003">
    </testcase>
    <testcase classname="formatSecondsToString should display withdrawal wording In minutes" name="formatSecondsToString should display withdrawal wording In minutes" time="0.002">
    </testcase>
    <testcase classname="formatSecondsToString should display withdrawal wording In hour" name="formatSecondsToString should display withdrawal wording In hour" time="0.002">
    </testcase>
    <testcase classname="formatSecondsToString should display withdrawal wording In hours" name="formatSecondsToString should display withdrawal wording In hours" time="0.002">
    </testcase>
    <testcase classname="formatSecondsToString should display withdrawal wording In hours" name="formatSecondsToString should display withdrawal wording In hours" time="0.002">
    </testcase>
    <testcase classname="formatSecondsToString should display withdrawal wording In days" name="formatSecondsToString should display withdrawal wording In days" time="0.002">
    </testcase>
    <testcase classname="formatSecondsToString should display withdrawal wording In days" name="formatSecondsToString should display withdrawal wording In days" time="0.003">
    </testcase>
    <testcase classname="formatSecondsToString should display withdrawal wording In week" name="formatSecondsToString should display withdrawal wording In week" time="0">
    </testcase>
  </testsuite>
  <testsuite name="&lt;SuspendAccountConfirmation /&gt;" errors="0" failures="0" skipped="0" timestamp="2024-03-27T08:58:49" time="3.591" tests="9">
    <testcase classname="&lt;SuspendAccountConfirmation /&gt; should navigate to home When there is no email change" name="&lt;SuspendAccountConfirmation /&gt; should navigate to home When there is no email change" time="0.052">
    </testcase>
    <testcase classname="&lt;SuspendAccountConfirmation /&gt; should navigate to home When pressing &quot;Ne pas suspendre mon compte&quot; button" name="&lt;SuspendAccountConfirmation /&gt; should navigate to home When pressing &quot;Ne pas suspendre mon compte&quot; button" time="0.013">
    </testcase>
    <testcase classname="&lt;SuspendAccountConfirmation /&gt; should navigate to home When pressing &quot;Oui, suspendre mon compte&quot; button and API response is error and is not a 401 error" name="&lt;SuspendAccountConfirmation /&gt; should navigate to home When pressing &quot;Oui, suspendre mon compte&quot; button and API response is error and is not a 401 error" time="0.045">
    </testcase>
    <testcase classname="&lt;SuspendAccountConfirmation /&gt; should display message and buttons when there is current email change" name="&lt;SuspendAccountConfirmation /&gt; should display message and buttons when there is current email change" time="0.031">
    </testcase>
    <testcase classname="&lt;SuspendAccountConfirmation /&gt; should navigate to email change tracking when pressing &quot;Confirmer la demande&quot; button and API response is success" name="&lt;SuspendAccountConfirmation /&gt; should navigate to email change tracking when pressing &quot;Confirmer la demande&quot; button and API response is success" time="0.097">
    </testcase>
    <testcase classname="&lt;SuspendAccountConfirmation /&gt; should display an error snackbar when pressing &quot;Confirmer la demande&quot; button and API response is error and is not 401 error" name="&lt;SuspendAccountConfirmation /&gt; should display an error snackbar when pressing &quot;Confirmer la demande&quot; button and API response is error and is not 401 error" time="0.028">
    </testcase>
    <testcase classname="&lt;SuspendAccountConfirmation /&gt; should not display an error snackbar when pressing &quot;Confirmer la demande&quot; button and API response is a 401 error" name="&lt;SuspendAccountConfirmation /&gt; should not display an error snackbar when pressing &quot;Confirmer la demande&quot; button and API response is a 401 error" time="0.043">
    </testcase>
    <testcase classname="&lt;SuspendAccountConfirmation /&gt; should navigate to change email expired When last email change expired" name="&lt;SuspendAccountConfirmation /&gt; should navigate to change email expired When last email change expired" time="0.018">
    </testcase>
    <testcase classname="&lt;SuspendAccountConfirmation /&gt; should navigate to change email expired When pressing &quot;Confirmer la demande&quot; button and API response is a 401 error" name="&lt;SuspendAccountConfirmation /&gt; should navigate to change email expired When pressing &quot;Confirmer la demande&quot; button and API response is a 401 error" time="0.076">
    </testcase>
  </testsuite>
  <testsuite name="useOpenItinerary" errors="0" failures="0" skipped="0" timestamp="2024-03-27T08:58:48" time="4.641" tests="5">
    <testcase classname="useOpenItinerary beforeNavigate should call beforeNavigate" name="useOpenItinerary beforeNavigate should call beforeNavigate" time="0.018">
    </testcase>
    <testcase classname="useOpenItinerary beforeNavigate should not call beforeNavigate" name="useOpenItinerary beforeNavigate should not call beforeNavigate" time="0.002">
    </testcase>
    <testcase classname="useOpenItinerary canOpenItinerary should return true" name="useOpenItinerary canOpenItinerary should return true" time="0.005">
    </testcase>
    <testcase classname="useOpenItinerary canOpenItinerary should return false when address is undefined" name="useOpenItinerary canOpenItinerary should return false when address is undefined" time="0.002">
    </testcase>
    <testcase classname="useOpenItinerary canOpenItinerary should return false when address is null" name="useOpenItinerary canOpenItinerary should return false when address is null" time="0.005">
    </testcase>
  </testsuite>
  <testsuite name="[api] helpers" errors="0" failures="0" skipped="0" timestamp="2024-03-27T08:58:51" time="2.117" tests="32">
    <testcase classname="[api] helpers [method] safeFetch should call fetch with populated header" name="[api] helpers [method] safeFetch should call fetch with populated header" time="0.006">
    </testcase>
    <testcase classname="[api] helpers [method] safeFetch should call fetch with populated header when route is in NotAuthenticatedCalls" name="[api] helpers [method] safeFetch should call fetch with populated header when route is in NotAuthenticatedCalls" time="0.002">
    </testcase>
    <testcase classname="[api] helpers [method] safeFetch needs authentication response when refresh token fails" name="[api] helpers [method] safeFetch needs authentication response when refresh token fails" time="0.131">
    </testcase>
    <testcase classname="[api] helpers [method] safeFetch forces user to login when refresh token is expired" name="[api] helpers [method] safeFetch forces user to login when refresh token is expired" time="0.002">
    </testcase>
    <testcase classname="[api] helpers [method] safeFetch regenerates the access token and fetch the real url after when the access token is expired" name="[api] helpers [method] safeFetch regenerates the access token and fetch the real url after when the access token is expired" time="0.001">
    </testcase>
    <testcase classname="[api] helpers [method] safeFetch should call refreshAccessToken route once when no error" name="[api] helpers [method] safeFetch should call refreshAccessToken route once when no error" time="0.006">
    </testcase>
    <testcase classname="[api] helpers [method] safeFetch should not call refreshAccessToken route while the token is still valid" name="[api] helpers [method] safeFetch should not call refreshAccessToken route while the token is still valid" time="0.001">
    </testcase>
    <testcase classname="[api] helpers [method] safeFetch should call refreshAccessToken route again after 15 minutes (access token&apos;s lifetime)" name="[api] helpers [method] safeFetch should call refreshAccessToken route again after 15 minutes (access token&apos;s lifetime)" time="0.002">
    </testcase>
    <testcase classname="[api] helpers [method] safeFetch should refresh access token when it is unknown and refresh token is valid" name="[api] helpers [method] safeFetch should refresh access token when it is unknown and refresh token is valid" time="0.005">
    </testcase>
    <testcase classname="[api] helpers [method] safeFetch needs authentication response when there is no refresh token" name="[api] helpers [method] safeFetch needs authentication response when there is no refresh token" time="0.001">
    </testcase>
    <testcase classname="[api] helpers [method] safeFetch needs authentication response when cannot get refresh token" name="[api] helpers [method] safeFetch needs authentication response when cannot get refresh token" time="0.003">
    </testcase>
[...]
    <testcase classname="buildLocationParameter buildLocationParameter should return a position with a specified radius when selectedLocationMode is &quot;AROUND_ME&quot; and there is a userPosition" name="buildLocationParameter buildLocationParameter should return a position with a specified radius when selectedLocationMode is &quot;AROUND_ME&quot; and there is a userPosition" time="0.003">
    </testcase>
    <testcase classname="buildLocationParameter buildLocationParameter should return a position with a specified radius when selectedLocationMode is &quot;AROUND_PLACE&quot; and there is a userPosition" name="buildLocationParameter buildLocationParameter should return a position with a specified radius when selectedLocationMode is &quot;AROUND_PLACE&quot; and there is a userPosition" time="0.002">
    </testcase>
    <testcase classname="buildLocationParameter buildLocationParameter should return a position with a minimum radius when selectedLocationMode is &quot;AROUND_ME&quot;, the radius is 0 and there is a userPosition" name="buildLocationParameter buildLocationParameter should return a position with a minimum radius when selectedLocationMode is &quot;AROUND_ME&quot;, the radius is 0 and there is a userPosition" time="0.001">
    </testcase>
    <testcase classname="buildLocationParameter buildLocationParameter should return a position with a minimum radius when selectedLocationMode is &quot;AROUND_PLACE&quot;, the radius is 0 and there is a userPosition" name="buildLocationParameter buildLocationParameter should return a position with a minimum radius when selectedLocationMode is &quot;AROUND_PLACE&quot;, the radius is 0 and there is a userPosition" time="0.001">
    </testcase>
  </testsuite>
  <testsuite name="CopyToClipboardButton" errors="0" failures="0" skipped="0" timestamp="2024-03-27T08:59:17" time="1.225" tests="4">
    <testcase classname="CopyToClipboardButton should copy to clipboard when pressing the button" name="CopyToClipboardButton should copy to clipboard when pressing the button" time="0.01">
    </testcase>
    <testcase classname="CopyToClipboardButton should call onCopy when text is copied" name="CopyToClipboardButton should call onCopy when text is copied" time="0.009">
    </testcase>
    <testcase classname="CopyToClipboardButton should show success snack bar when text is copied" name="CopyToClipboardButton should show success snack bar when text is copied" time="0.004">
    </testcase>
    <testcase classname="CopyToClipboardButton should show error snack bar if text has not been copied" name="CopyToClipboardButton should show error snack bar if text has not been copied" time="0.007">
    </testcase>
  </testsuite>
  <testsuite name="requestGeolocPermission android" errors="0" failures="0" skipped="0" timestamp="2024-03-27T08:59:17" time="1.152" tests="3">
    <testcase classname="requestGeolocPermission android should ask for android permission and return right state if granted" name="requestGeolocPermission android should ask for android permission and return right state if granted" time="0.02">
    </testcase>
    <testcase classname="requestGeolocPermission android should return right state if permission not granted" name="requestGeolocPermission android should return right state if permission not granted" time="0.001">
    </testcase>
    <testcase classname="requestGeolocPermission android should return right state if permission not granted and ask for never_ask_again" name="requestGeolocPermission android should return right state if permission not granted and ask for never_ask_again" time="0.001">
    </testcase>
  </testsuite>
  <testsuite name="getClusterImage" errors="0" failures="0" skipped="0" timestamp="2024-03-27T08:59:17" time="1.266" tests="4">
    <testcase classname="getClusterImage should show nothing when points are less than 2" name="getClusterImage should show nothing when points are less than 2" time="0.002">
    </testcase>
    <testcase classname="getClusterImage should show cluster of 2 when points are 2" name="getClusterImage should show cluster of 2 when points are 2" time="0">
    </testcase>
    <testcase classname="getClusterImage should show cluster of 9 when points are 9" name="getClusterImage should show cluster of 9 when points are 9" time="0.002">
    </testcase>
    <testcase classname="getClusterImage should show cluster 9+ when points are more than 9" name="getClusterImage should show cluster 9+ when points are more than 9" time="0.001">
    </testcase>
  </testsuite>
  <testsuite name="isAddressValid function" errors="0" failures="0" skipped="0" timestamp="2024-03-27T08:59:18" time="1.326" tests="13">
    <testcase classname="isAddressValid function should accept a well-formatted address: 1 " name="isAddressValid function should accept a well-formatted address: 1 " time="0.001">
    </testcase>
    <testcase classname="isAddressValid function should accept a well-formatted address: 1" name="isAddressValid function should accept a well-formatted address: 1" time="0">
    </testcase>
    <testcase classname="isAddressValid function should accept a well-formatted address: 1 rue" name="isAddressValid function should accept a well-formatted address: 1 rue" time="0.001">
    </testcase>
    <testcase classname="isAddressValid function should accept a well-formatted address: 1, rue de Loïc-Raison" name="isAddressValid function should accept a well-formatted address: 1, rue de Loïc-Raison" time="0.001">
    </testcase>
    <testcase classname="isAddressValid function should accept a well-formatted address: àâçéèêîôœùûÀÂÇÉÈÊÎÔŒÙÛ" name="isAddressValid function should accept a well-formatted address: àâçéèêîôœùûÀÂÇÉÈÊÎÔŒÙÛ" time="0.001">
    </testcase>
    <testcase classname="isAddressValid function should accept a well-formatted address: 1 rue de l’artillerie" name="isAddressValid function should accept a well-formatted address: 1 rue de l’artillerie" time="0.001">
    </testcase>
    <testcase classname="isAddressValid function should accept a well-formatted address: 1 rue de l&apos;artillerie" name="isAddressValid function should accept a well-formatted address: 1 rue de l&apos;artillerie" time="0.001">
    </testcase>
    <testcase classname="isAddressValid function should reject a unwell-formatted address: J@hn" name="isAddressValid function should reject a unwell-formatted address: J@hn" time="0.001">
    </testcase>
    <testcase classname="isAddressValid function should reject a unwell-formatted address: ჯონ" name="isAddressValid function should reject a unwell-formatted address: ჯონ" time="0.002">
    </testcase>
    <testcase classname="isAddressValid function should reject a unwell-formatted address: 𝘑𝘦𝘢𝘯 𝘩𝘦𝘯𝘳𝘺" name="isAddressValid function should reject a unwell-formatted address: 𝘑𝘦𝘢𝘯 𝘩𝘦𝘯𝘳𝘺" time="0.002">
    </testcase>
    <testcase classname="isAddressValid function should reject a unwell-formatted address:  " name="isAddressValid function should reject a unwell-formatted address:  " time="0.001">
    </testcase>
    <testcase classname="isAddressValid function should reject a unwell-formatted address:   " name="isAddressValid function should reject a unwell-formatted address:   " time="0.001">
    </testcase>
    <testcase classname="isAddressValid function should reject a unwell-formatted address: 1() rue de Loïc-Raison" name="isAddressValid function should reject a unwell-formatted address: 1() rue de Loïc-Raison" time="0.001">
    </testcase>
  </testsuite>
  <testsuite name="getOfferLocationName" errors="0" failures="0" skipped="0" timestamp="2024-03-27T08:59:18" time="1.305" tests="3">
    <testcase classname="getOfferLocationName should return offerer name when is digital offer" name="getOfferLocationName should return offerer name when is digital offer" time="0.002">
    </testcase>
    <testcase classname="getOfferLocationName not digital offer should return venue publicName when venue.publicName is defined" name="getOfferLocationName not digital offer should return venue publicName when venue.publicName is defined" time="0">
    </testcase>
    <testcase classname="getOfferLocationName not digital offer should return venue name when venue.publicName is undefined" name="getOfferLocationName not digital offer should return venue name when venue.publicName is undefined" time="0.002">
    </testcase>
  </testsuite>
  <testsuite name="getCookiesChoiceFromCategories" errors="0" failures="0" skipped="0" timestamp="2024-03-27T08:59:18" time="1.305" tests="3">
    <testcase classname="getCookiesChoiceFromCategories should refuse all cookies if all categories are disabled" name="getCookiesChoiceFromCategories should refuse all cookies if all categories are disabled" time="0.002">
    </testcase>
    <testcase classname="getCookiesChoiceFromCategories should accept all cookies if all categories are enabled" name="getCookiesChoiceFromCategories should accept all cookies if all categories are enabled" time="0">
    </testcase>
    <testcase classname="getCookiesChoiceFromCategories should accept or refuse certain cookies depending on category choice" name="getCookiesChoiceFromCategories should accept or refuse certain cookies depending on category choice" time="0.001">
    </testcase>
  </testsuite>
  <testsuite name="formatFullAddress" errors="0" failures="0" skipped="0" timestamp="2024-03-27T08:59:18" time="1.144" tests="37">
    <testcase classname="formatFullAddress should format correctly full address = " name="formatFullAddress should format correctly full address = " time="0.002">
    </testcase>
    <testcase classname="formatFullAddress should format correctly full address = 2 rue des champs, 75015 Paris" name="formatFullAddress should format correctly full address = 2 rue des champs, 75015 Paris" time="0.001">
    </testcase>
    <testcase classname="formatFullAddress should format correctly full address = 2 rue des champs, Paris" name="formatFullAddress should format correctly full address = 2 rue des champs, Paris" time="0">
    </testcase>
    <testcase classname="formatFullAddress should format correctly full address = 2 rue des champs, Paris" name="formatFullAddress should format correctly full address = 2 rue des champs, Paris" time="0">
    </testcase>
    <testcase classname="formatFullAddress should format correctly full address = 2 rue des champs, 75015" name="formatFullAddress should format correctly full address = 2 rue des champs, 75015" time="0">
    </testcase>
    <testcase classname="formatFullAddress should format correctly full address = 2 rue des champs, 75015" name="formatFullAddress should format correctly full address = 2 rue des champs, 75015" time="0.001">
    </testcase>
    <testcase classname="formatFullAddressWithVenueName should format correctly full address with venue name = " name="formatFullAddressWithVenueName should format correctly full address with venue name = " time="0">
    </testcase>
    <testcase classname="formatFullAddressWithVenueName should format correctly full address with venue name = Ciné Pathé, 2 rue des champs, 75015 Paris" name="formatFullAddressWithVenueName should format correctly full address with venue name = Ciné Pathé, 2 rue des champs, 75015 Paris" time="0">
    </testcase>
    <testcase classname="formatFullAddressWithVenueName should format correctly full address with venue name = Ciné Pathé, 75015 Paris" name="formatFullAddressWithVenueName should format correctly full address with venue name = Ciné Pathé, 75015 Paris" time="0">
    </testcase>
    <testcase classname="formatFullAddressWithVenueName should format correctly full address with venue name = Ciné Pathé, Paris" name="formatFullAddressWithVenueName should format correctly full address with venue name = Ciné Pathé, Paris" time="0.001">
    </testcase>
    <testcase classname="formatFullAddressWithVenueName should format correctly full address with venue name = Ciné Pathé" name="formatFullAddressWithVenueName should format correctly full address with venue name = Ciné Pathé" time="0">
    </testcase>
    <testcase classname="formatFullAddressWithVenueName should format correctly full address with venue name = Pathé beaugrenelle, 75015 Paris" name="formatFullAddressWithVenueName should format correctly full address with venue name = Pathé beaugrenelle, 75015 Paris" time="0">
    </testcase>
    <testcase classname="formatFullAddressWithVenueName should format correctly full address with venue name = Pathé beaugrenelle, 75015" name="formatFullAddressWithVenueName should format correctly full address with venue name = Pathé beaugrenelle, 75015" time="0">
    </testcase>
    <testcase classname="formatFullAddressWithVenueName should format correctly full address with venue name = Pathé beaugrenelle, Paris" name="formatFullAddressWithVenueName should format correctly full address with venue name = Pathé beaugrenelle, Paris" time="0">
    </testcase>
    <testcase classname="formatFullAddressWithVenueName should format correctly full address with venue name = Pathé beaugrenelle, 2 rue des champs, Paris" name="formatFullAddressWithVenueName should format correctly full address with venue name = Pathé beaugrenelle, 2 rue des champs, Paris" time="0.001">
    </testcase>
    <testcase classname="formatFullAddressWithVenueName should format correctly full address with venue name = Pathé beaugrenelle, 2 rue des champs" name="formatFullAddressWithVenueName should format correctly full address with venue name = Pathé beaugrenelle, 2 rue des champs" time="0">
    </testcase>
    <testcase classname="formatFullAddressWithVenueName should format correctly full address with venue name = Pathé beaugrenelle, 2 rue des champs, 75015" name="formatFullAddressWithVenueName should format correctly full address with venue name = Pathé beaugrenelle, 2 rue des champs, 75015" time="0">
    </testcase>
    <testcase classname="formatFullAddressWithVenueName should format correctly full address with venue name = Pathé beaugrenelle, 2 rue des champs, Paris" name="formatFullAddressWithVenueName should format correctly full address with venue name = Pathé beaugrenelle, 2 rue des champs, Paris" time="0">
    </testcase>
    <testcase classname="formatFullAddressWithVenueName should format correctly full address with venue name = Ciné Pathé, 2 rue des champs, 75015 Paris" name="formatFullAddressWithVenueName should format correctly full address with venue name = Ciné Pathé, 2 rue des champs, 75015 Paris" time="0.001">
    </testcase>
    <testcase classname="formatFullAddressWithVenueName should format correctly full address with venue name = Ciné Pathé, 75015 Paris" name="formatFullAddressWithVenueName should format correctly full address with venue name = Ciné Pathé, 75015 Paris" time="0">
    </testcase>
    <testcase classname="formatFullAddressWithVenueName should format correctly full address with venue name = Ciné Pathé, Paris" name="formatFullAddressWithVenueName should format correctly full address with venue name = Ciné Pathé, Paris" time="0.001">
    </testcase>
    <testcase classname="formatFullAddressWithVenueName should format correctly full address with venue name = Ciné Pathé" name="formatFullAddressWithVenueName should format correctly full address with venue name = Ciné Pathé" time="0">
    </testcase>
    <testcase classname="formatFullAddressWithVenueName should format correctly full address with venue name = Pathé beaugrenelle, 75015 Paris" name="formatFullAddressWithVenueName should format correctly full address with venue name = Pathé beaugrenelle, 75015 Paris" time="0">
    </testcase>
    <testcase classname="formatFullAddressWithVenueName should format correctly full address with venue name = Pathé beaugrenelle, 75015" name="formatFullAddressWithVenueName should format correctly full address with venue name = Pathé beaugrenelle, 75015" time="0">
    </testcase>
    <testcase classname="formatFullAddressWithVenueName should format correctly full address with venue name = Pathé beaugrenelle, Paris" name="formatFullAddressWithVenueName should format correctly full address with venue name = Pathé beaugrenelle, Paris" time="0">
    </testcase>
    <testcase classname="formatFullAddressWithVenueName should format correctly full address with venue name = Pathé beaugrenelle, 2 rue des champs, Paris" name="formatFullAddressWithVenueName should format correctly full address with venue name = Pathé beaugrenelle, 2 rue des champs, Paris" time="0">
    </testcase>
    <testcase classname="formatFullAddressWithVenueName should format correctly full address with venue name = Pathé beaugrenelle, 2 rue des champs" name="formatFullAddressWithVenueName should format correctly full address with venue name = Pathé beaugrenelle, 2 rue des champs" time="0.001">
    </testcase>
    <testcase classname="formatFullAddressWithVenueName should format correctly full address with venue name = Pathé beaugrenelle, 2 rue des champs, 75015" name="formatFullAddressWithVenueName should format correctly full address with venue name = Pathé beaugrenelle, 2 rue des champs, 75015" time="0">
    </testcase>
    <testcase classname="formatFullAddressWithVenueName should format correctly full address with venue name = Pathé beaugrenelle, 2 rue des champs, Paris" name="formatFullAddressWithVenueName should format correctly full address with venue name = Pathé beaugrenelle, 2 rue des champs, Paris" time="0">
    </testcase>
    <testcase classname="formatFullAddressStartsWithPostalCode should return an empty string when postal code, city and address not defined" name="formatFullAddressStartsWithPostalCode should return an empty string when postal code, city and address not defined" time="0">
    </testcase>
    <testcase classname="formatFullAddressStartsWithPostalCode should return formatted address with only postal code" name="formatFullAddressStartsWithPostalCode should return formatted address with only postal code" time="0">
    </testcase>
    <testcase classname="formatFullAddressStartsWithPostalCode should return formatted address with only city" name="formatFullAddressStartsWithPostalCode should return formatted address with only city" time="0.001">
    </testcase>
    <testcase classname="formatFullAddressStartsWithPostalCode should return formatted address with only address" name="formatFullAddressStartsWithPostalCode should return formatted address with only address" time="0">
    </testcase>
    <testcase classname="formatFullAddressStartsWithPostalCode should return formatted address with postal code and city" name="formatFullAddressStartsWithPostalCode should return formatted address with postal code and city" time="0.002">
    </testcase>
    <testcase classname="formatFullAddressStartsWithPostalCode should return formatted address with postal code and address" name="formatFullAddressStartsWithPostalCode should return formatted address with postal code and address" time="0.001">
    </testcase>
    <testcase classname="formatFullAddressStartsWithPostalCode should return formatted address with city and address" name="formatFullAddressStartsWithPostalCode should return formatted address with city and address" time="0">
    </testcase>
    <testcase classname="formatFullAddressStartsWithPostalCode should return formatted address with postal code, city and address" name="formatFullAddressStartsWithPostalCode should return formatted address with postal code, city and address" time="0">
    </testcase>
  </testsuite>
  <testsuite name="&lt;OfferMetadataItem /&gt;" errors="0" failures="0" skipped="0" timestamp="2024-03-27T08:59:19" time="0.779" tests="2">
    <testcase classname="&lt;OfferMetadataItem /&gt; should display metadata label" name="&lt;OfferMetadataItem /&gt; should display metadata label" time="0.07">
    </testcase>
    <testcase classname="&lt;OfferMetadataItem /&gt; should display metadata value" name="&lt;OfferMetadataItem /&gt; should display metadata value" time="0.002">
    </testcase>
  </testsuite>
</testsuites>